<?xml version="1.0" encoding="UTF-8"?>
<coverage generated="1772090081177" clover="3.2.0">
  <project timestamp="1772090081177" name="All files">
    <metrics statements="487" coveredstatements="452" conditionals="129" coveredconditionals="119" methods="42" coveredmethods="41" elements="658" coveredelements="612" complexity="0" loc="487" ncloc="487" packages="1" files="7" classes="7"/>
    <file name="auth.ts" path="/Users/werk/proxygate/packages/sdk/src/auth.ts">
      <metrics statements="28" coveredstatements="22" conditionals="6" coveredconditionals="5" methods="2" coveredmethods="2"/>
      <line num="1" count="1" type="stmt"/>
      <line num="25" count="7" type="cond" truecount="1" falsecount="0"/>
      <line num="27" count="7" type="stmt"/>
      <line num="28" count="7" type="cond" truecount="1" falsecount="0"/>
      <line num="30" count="7" type="cond" truecount="1" falsecount="0"/>
      <line num="31" count="2" type="stmt"/>
      <line num="32" count="2" type="stmt"/>
      <line num="33" count="2" type="cond" truecount="1" falsecount="0"/>
      <line num="35" count="4" type="stmt"/>
      <line num="38" count="4" type="stmt"/>
      <line num="39" count="4" type="stmt"/>
      <line num="42" count="4" type="stmt"/>
      <line num="44" count="4" type="stmt"/>
      <line num="45" count="4" type="stmt"/>
      <line num="46" count="4" type="stmt"/>
      <line num="47" count="4" type="stmt"/>
      <line num="48" count="4" type="stmt"/>
      <line num="49" count="4" type="stmt"/>
      <line num="52" count="4" type="cond" truecount="1" falsecount="0"/>
      <line num="53" count="4" type="stmt"/>
      <line num="54" count="4" type="stmt"/>
      <line num="55" count="4" type="cond" truecount="0" falsecount="1"/>
      <line num="57" count="0" type="stmt"/>
      <line num="58" count="0" type="stmt"/>
      <line num="59" count="0" type="stmt"/>
      <line num="60" count="0" type="stmt"/>
      <line num="61" count="0" type="stmt"/>
      <line num="62" count="0" type="stmt"/>
    </file>
    <file name="base58.ts" path="/Users/werk/proxygate/packages/sdk/src/base58.ts">
      <metrics statements="21" coveredstatements="21" conditionals="6" coveredconditionals="6" methods="1" coveredmethods="1"/>
      <line num="1" count="1" type="stmt"/>
      <line num="8" count="1" type="cond" truecount="1" falsecount="0"/>
      <line num="10" count="9" type="stmt"/>
      <line num="11" count="9" type="cond" truecount="2" falsecount="0"/>
      <line num="12" count="7" type="stmt"/>
      <line num="13" count="7" type="stmt"/>
      <line num="16" count="9" type="stmt"/>
      <line num="17" count="9" type="cond" truecount="1" falsecount="0"/>
      <line num="18" count="138" type="stmt"/>
      <line num="19" count="138" type="stmt"/>
      <line num="22" count="9" type="stmt"/>
      <line num="23" count="9" type="cond" truecount="1" falsecount="0"/>
      <line num="24" count="179" type="stmt"/>
      <line num="25" count="179" type="stmt"/>
      <line num="26" count="179" type="stmt"/>
      <line num="27" count="179" type="stmt"/>
      <line num="30" count="9" type="cond" truecount="1" falsecount="0"/>
      <line num="31" count="7" type="stmt"/>
      <line num="32" count="7" type="stmt"/>
      <line num="34" count="9" type="stmt"/>
      <line num="35" count="9" type="stmt"/>
    </file>
    <file name="client.ts" path="/Users/werk/proxygate/packages/sdk/src/client.ts">
      <metrics statements="278" coveredstatements="268" conditionals="67" coveredconditionals="59" methods="24" coveredmethods="24"/>
      <line num="1" count="1" type="stmt"/>
      <line num="2" count="1" type="stmt"/>
      <line num="3" count="1" type="stmt"/>
      <line num="4" count="1" type="stmt"/>
      <line num="5" count="1" type="stmt"/>
      <line num="6" count="1" type="stmt"/>
      <line num="7" count="1" type="stmt"/>
      <line num="8" count="1" type="stmt"/>
      <line num="40" count="1" type="stmt"/>
      <line num="41" count="1" type="cond" truecount="1" falsecount="0"/>
      <line num="42" count="7" type="stmt"/>
      <line num="43" count="7" type="stmt"/>
      <line num="44" count="7" type="stmt"/>
      <line num="45" count="7" type="stmt"/>
      <line num="47" count="1" type="cond" truecount="1" falsecount="0"/>
      <line num="48" count="7" type="stmt"/>
      <line num="49" count="7" type="stmt"/>
      <line num="50" count="7" type="stmt"/>
      <line num="51" count="7" type="stmt"/>
      <line num="52" count="7" type="stmt"/>
      <line num="53" count="7" type="stmt"/>
      <line num="54" count="7" type="stmt"/>
      <line num="55" count="7" type="stmt"/>
      <line num="56" count="1" type="stmt"/>
      <line num="63" count="23" type="cond" truecount="1" falsecount="0"/>
      <line num="64" count="23" type="stmt"/>
      <line num="65" count="23" type="stmt"/>
      <line num="66" count="23" type="cond" truecount="0" falsecount="1"/>
      <line num="68" count="0" type="stmt"/>
      <line num="69" count="0" type="stmt"/>
      <line num="70" count="0" type="stmt"/>
      <line num="71" count="0" type="stmt"/>
      <line num="72" count="0" type="stmt"/>
      <line num="73" count="0" type="stmt"/>
      <line num="80" count="8" type="cond" truecount="1" falsecount="0"/>
      <line num="81" count="8" type="stmt"/>
      <line num="82" count="8" type="stmt"/>
      <line num="83" count="8" type="cond" truecount="1" falsecount="0"/>
      <line num="85" count="4" type="stmt"/>
      <line num="86" count="4" type="stmt"/>
      <line num="88" count="8" type="cond" truecount="1" falsecount="0"/>
      <line num="89" count="7" type="stmt"/>
      <line num="90" count="7" type="stmt"/>
      <line num="91" count="7" type="stmt"/>
      <line num="92" count="7" type="stmt"/>
      <line num="93" count="7" type="cond" truecount="1" falsecount="0"/>
      <line num="95" count="8" type="cond" truecount="0" falsecount="1"/>
      <line num="96" count="8" type="stmt"/>
      <line num="136" count="1" type="stmt"/>
      <line num="137" count="1" type="cond" truecount="1" falsecount="0"/>
      <line num="138" count="32" type="stmt"/>
      <line num="140" count="32" type="stmt"/>
      <line num="141" count="32" type="stmt"/>
      <line num="143" count="1" type="cond" truecount="1" falsecount="0"/>
      <line num="144" count="32" type="stmt"/>
      <line num="145" count="32" type="stmt"/>
      <line num="146" count="32" type="stmt"/>
      <line num="147" count="32" type="stmt"/>
      <line num="148" count="32" type="stmt"/>
      <line num="149" count="32" type="stmt"/>
      <line num="150" count="32" type="stmt"/>
      <line num="151" count="32" type="stmt"/>
      <line num="161" count="1" type="cond" truecount="1" falsecount="0"/>
      <line num="162" count="5" type="stmt"/>
      <line num="165" count="5" type="cond" truecount="1" falsecount="0"/>
      <line num="166" count="1" type="stmt"/>
      <line num="167" count="1" type="stmt"/>
      <line num="169" count="5" type="stmt"/>
      <line num="171" count="5" type="cond" truecount="1" falsecount="0"/>
      <line num="172" count="4" type="stmt"/>
      <line num="174" count="4" type="stmt"/>
      <line num="175" count="4" type="cond" truecount="1" falsecount="0"/>
      <line num="176" count="3" type="cond" truecount="1" falsecount="0"/>
      <line num="177" count="2" type="cond" truecount="1" falsecount="0"/>
      <line num="178" count="5" type="cond" truecount="1" falsecount="0"/>
      <line num="179" count="1" type="stmt"/>
      <line num="180" count="1" type="stmt"/>
      <line num="181" count="1" type="cond" truecount="0" falsecount="1"/>
      <line num="182" count="1" type="stmt"/>
      <line num="183" count="1" type="stmt"/>
      <line num="184" count="1" type="cond" truecount="1" falsecount="0"/>
      <line num="186" count="2" type="stmt"/>
      <line num="187" count="2" type="stmt"/>
      <line num="188" count="2" type="stmt"/>
      <line num="190" count="2" type="stmt"/>
      <line num="191" count="2" type="stmt"/>
      <line num="192" count="2" type="stmt"/>
      <line num="193" count="2" type="stmt"/>
      <line num="194" count="2" type="stmt"/>
      <line num="195" count="5" type="stmt"/>
      <line num="218" count="1" type="cond" truecount="1" falsecount="0"/>
      <line num="219" count="6" type="stmt"/>
      <line num="220" count="6" type="stmt"/>
      <line num="227" count="1" type="cond" truecount="1" falsecount="0"/>
      <line num="228" count="5" type="stmt"/>
      <line num="229" count="5" type="stmt"/>
      <line num="232" count="1" type="cond" truecount="1" falsecount="0"/>
      <line num="233" count="2" type="stmt"/>
      <line num="234" count="2" type="stmt"/>
      <line num="235" count="2" type="stmt"/>
      <line num="236" count="2" type="stmt"/>
      <line num="239" count="1" type="cond" truecount="1" falsecount="0"/>
      <line num="240" count="2" type="stmt"/>
      <line num="241" count="2" type="stmt"/>
      <line num="242" count="2" type="stmt"/>
      <line num="243" count="2" type="stmt"/>
      <line num="249" count="1" type="cond" truecount="1" falsecount="0"/>
      <line num="250" count="2" type="stmt"/>
      <line num="251" count="2" type="stmt"/>
      <line num="252" count="2" type="stmt"/>
      <line num="253" count="2" type="stmt"/>
      <line num="256" count="1" type="cond" truecount="1" falsecount="0"/>
      <line num="257" count="1" type="stmt"/>
      <line num="258" count="1" type="stmt"/>
      <line num="259" count="1" type="stmt"/>
      <line num="260" count="1" type="stmt"/>
      <line num="263" count="1" type="cond" truecount="1" falsecount="0"/>
      <line num="264" count="1" type="stmt"/>
      <line num="265" count="1" type="stmt"/>
      <line num="266" count="1" type="stmt"/>
      <line num="267" count="1" type="stmt"/>
      <line num="270" count="1" type="cond" truecount="1" falsecount="0"/>
      <line num="271" count="2" type="stmt"/>
      <line num="272" count="2" type="stmt"/>
      <line num="273" count="2" type="stmt"/>
      <line num="274" count="2" type="stmt"/>
      <line num="277" count="1" type="cond" truecount="1" falsecount="0"/>
      <line num="278" count="2" type="stmt"/>
      <line num="279" count="2" type="stmt"/>
      <line num="284" count="1" type="cond" truecount="1" falsecount="0"/>
      <line num="285" count="2" type="stmt"/>
      <line num="286" count="2" type="stmt"/>
      <line num="287" count="2" type="stmt"/>
      <line num="288" count="2" type="stmt"/>
      <line num="289" count="2" type="stmt"/>
      <line num="292" count="1" type="cond" truecount="1" falsecount="0"/>
      <line num="293" count="2" type="stmt"/>
      <line num="294" count="2" type="stmt"/>
      <line num="295" count="2" type="stmt"/>
      <line num="296" count="2" type="stmt"/>
      <line num="297" count="2" type="stmt"/>
      <line num="298" count="2" type="stmt"/>
      <line num="308" count="1" type="cond" truecount="1" falsecount="0"/>
      <line num="309" count="3" type="stmt"/>
      <line num="310" count="3" type="stmt"/>
      <line num="311" count="3" type="stmt"/>
      <line num="312" count="3" type="stmt"/>
      <line num="313" count="3" type="stmt"/>
      <line num="314" count="3" type="cond" truecount="1" falsecount="0"/>
      <line num="315" count="3" type="stmt"/>
      <line num="317" count="3" type="stmt"/>
      <line num="318" count="3" type="stmt"/>
      <line num="319" count="3" type="stmt"/>
      <line num="320" count="3" type="stmt"/>
      <line num="321" count="3" type="stmt"/>
      <line num="322" count="3" type="cond" truecount="1" falsecount="0"/>
      <line num="323" count="3" type="stmt"/>
      <line num="324" count="3" type="cond" truecount="3" falsecount="0"/>
      <line num="325" count="3" type="cond" truecount="1" falsecount="0"/>
      <line num="326" count="3" type="stmt"/>
      <line num="328" count="3" type="stmt"/>
      <line num="329" count="3" type="stmt"/>
      <line num="335" count="1" type="cond" truecount="1" falsecount="0"/>
      <line num="336" count="3" type="stmt"/>
      <line num="337" count="3" type="stmt"/>
      <line num="338" count="3" type="stmt"/>
      <line num="339" count="3" type="stmt"/>
      <line num="340" count="3" type="stmt"/>
      <line num="341" count="3" type="stmt"/>
      <line num="342" count="3" type="stmt"/>
      <line num="344" count="3" type="stmt"/>
      <line num="345" count="3" type="stmt"/>
      <line num="346" count="3" type="stmt"/>
      <line num="347" count="3" type="stmt"/>
      <line num="348" count="3" type="stmt"/>
      <line num="349" count="3" type="stmt"/>
      <line num="350" count="3" type="stmt"/>
      <line num="351" count="3" type="stmt"/>
      <line num="352" count="3" type="cond" truecount="0" falsecount="1"/>
      <line num="353" count="3" type="stmt"/>
      <line num="354" count="3" type="stmt"/>
      <line num="356" count="3" type="cond" truecount="1" falsecount="0"/>
      <line num="357" count="1" type="stmt"/>
      <line num="358" count="1" type="stmt"/>
      <line num="359" count="1" type="stmt"/>
      <line num="360" count="1" type="stmt"/>
      <line num="361" count="1" type="cond" truecount="0" falsecount="1"/>
      <line num="362" count="0" type="stmt"/>
      <line num="363" count="0" type="stmt"/>
      <line num="364" count="1" type="stmt"/>
      <line num="365" count="1" type="cond" truecount="1" falsecount="0"/>
      <line num="367" count="3" type="cond" truecount="0" falsecount="1"/>
      <line num="368" count="3" type="cond" truecount="1" falsecount="0"/>
      <line num="369" count="1" type="stmt"/>
      <line num="370" count="1" type="stmt"/>
      <line num="371" count="1" type="stmt"/>
      <line num="372" count="1" type="stmt"/>
      <line num="373" count="1" type="stmt"/>
      <line num="374" count="1" type="stmt"/>
      <line num="375" count="1" type="stmt"/>
      <line num="376" count="1" type="stmt"/>
      <line num="378" count="1" type="stmt"/>
      <line num="379" count="3" type="stmt"/>
      <line num="386" count="1" type="cond" truecount="1" falsecount="0"/>
      <line num="387" count="23" type="stmt"/>
      <line num="388" count="23" type="stmt"/>
      <line num="389" count="23" type="stmt"/>
      <line num="390" count="23" type="stmt"/>
      <line num="392" count="23" type="stmt"/>
      <line num="393" count="23" type="stmt"/>
      <line num="394" count="23" type="stmt"/>
      <line num="395" count="23" type="stmt"/>
      <line num="396" count="23" type="stmt"/>
      <line num="397" count="23" type="stmt"/>
      <line num="400" count="1" type="cond" truecount="1" falsecount="0"/>
      <line num="401" count="17" type="stmt"/>
      <line num="402" count="17" type="stmt"/>
      <line num="403" count="17" type="stmt"/>
      <line num="409" count="17" type="stmt"/>
      <line num="410" count="17" type="cond" truecount="1" falsecount="0"/>
      <line num="411" count="17" type="stmt"/>
      <line num="413" count="17" type="stmt"/>
      <line num="414" count="17" type="stmt"/>
      <line num="415" count="17" type="stmt"/>
      <line num="416" count="17" type="stmt"/>
      <line num="417" count="17" type="stmt"/>
      <line num="418" count="17" type="cond" truecount="2" falsecount="0"/>
      <line num="419" count="17" type="stmt"/>
      <line num="420" count="17" type="cond" truecount="3" falsecount="0"/>
      <line num="421" count="17" type="cond" truecount="1" falsecount="0"/>
      <line num="422" count="17" type="cond" truecount="1" falsecount="0"/>
      <line num="424" count="17" type="cond" truecount="1" falsecount="0"/>
      <line num="425" count="2" type="stmt"/>
      <line num="426" count="2" type="stmt"/>
      <line num="427" count="2" type="stmt"/>
      <line num="428" count="2" type="stmt"/>
      <line num="429" count="2" type="cond" truecount="1" falsecount="0"/>
      <line num="430" count="1" type="cond" truecount="0" falsecount="1"/>
      <line num="431" count="1" type="stmt"/>
      <line num="432" count="2" type="stmt"/>
      <line num="433" count="2" type="cond" truecount="1" falsecount="0"/>
      <line num="435" count="14" type="stmt"/>
      <line num="436" count="17" type="stmt"/>
      <line num="439" count="1" type="cond" truecount="1" falsecount="0"/>
      <line num="440" count="4" type="stmt"/>
      <line num="441" count="4" type="stmt"/>
      <line num="442" count="4" type="stmt"/>
      <line num="443" count="4" type="stmt"/>
      <line num="444" count="4" type="cond" truecount="1" falsecount="0"/>
      <line num="446" count="4" type="stmt"/>
      <line num="447" count="4" type="stmt"/>
      <line num="448" count="4" type="stmt"/>
      <line num="449" count="4" type="stmt"/>
      <line num="451" count="4" type="cond" truecount="1" falsecount="0"/>
      <line num="452" count="1" type="stmt"/>
      <line num="453" count="1" type="stmt"/>
      <line num="454" count="1" type="stmt"/>
      <line num="455" count="1" type="stmt"/>
      <line num="456" count="1" type="cond" truecount="0" falsecount="1"/>
      <line num="457" count="0" type="stmt"/>
      <line num="458" count="0" type="stmt"/>
      <line num="459" count="1" type="stmt"/>
      <line num="460" count="1" type="cond" truecount="1" falsecount="0"/>
      <line num="462" count="3" type="stmt"/>
      <line num="463" count="4" type="stmt"/>
      <line num="466" count="1" type="cond" truecount="1" falsecount="0"/>
      <line num="467" count="27" type="stmt"/>
      <line num="468" count="27" type="stmt"/>
      <line num="469" count="27" type="stmt"/>
      <line num="470" count="27" type="stmt"/>
      <line num="472" count="27" type="cond" truecount="1" falsecount="0"/>
      <line num="473" count="4" type="cond" truecount="1" falsecount="0"/>
      <line num="474" count="7" type="stmt"/>
      <line num="475" count="7" type="stmt"/>
      <line num="476" count="4" type="stmt"/>
      <line num="478" count="27" type="stmt"/>
      <line num="479" count="27" type="stmt"/>
      <line num="480" count="1" type="stmt"/>
    </file>
    <file name="nonce-pool.ts" path="/Users/werk/proxygate/packages/sdk/src/nonce-pool.ts">
      <metrics statements="53" coveredstatements="34" conditionals="10" coveredconditionals="9" methods="6" coveredmethods="5"/>
      <line num="9" count="1" type="stmt"/>
      <line num="10" count="1" type="cond" truecount="1" falsecount="0"/>
      <line num="11" count="41" type="stmt"/>
      <line num="12" count="41" type="stmt"/>
      <line num="14" count="41" type="stmt"/>
      <line num="15" count="41" type="stmt"/>
      <line num="16" count="41" type="stmt"/>
      <line num="17" count="41" type="stmt"/>
      <line num="19" count="1" type="cond" truecount="1" falsecount="0"/>
      <line num="23" count="41" type="stmt"/>
      <line num="24" count="41" type="stmt"/>
      <line num="25" count="41" type="stmt"/>
      <line num="26" count="41" type="cond" truecount="1" falsecount="0"/>
      <line num="27" count="41" type="stmt"/>
      <line num="33" count="1" type="cond" truecount="1" falsecount="0"/>
      <line num="34" count="38" type="stmt"/>
      <line num="35" count="38" type="stmt"/>
      <line num="36" count="38" type="cond" truecount="0" falsecount="1"/>
      <line num="38" count="0" type="stmt"/>
      <line num="40" count="0" type="stmt"/>
      <line num="41" count="0" type="stmt"/>
      <line num="42" count="0" type="stmt"/>
      <line num="44" count="0" type="stmt"/>
      <line num="45" count="38" type="stmt"/>
      <line num="51" count="1" type="stmt"/>
      <line num="52" count="0" type="stmt"/>
      <line num="53" count="0" type="stmt"/>
      <line num="54" count="0" type="stmt"/>
      <line num="56" count="0" type="stmt"/>
      <line num="57" count="0" type="stmt"/>
      <line num="58" count="0" type="stmt"/>
      <line num="59" count="0" type="stmt"/>
      <line num="60" count="0" type="stmt"/>
      <line num="61" count="0" type="stmt"/>
      <line num="62" count="0" type="stmt"/>
      <line num="64" count="0" type="stmt"/>
      <line num="65" count="0" type="stmt"/>
      <line num="66" count="0" type="stmt"/>
      <line num="67" count="0" type="stmt"/>
      <line num="72" count="1" type="cond" truecount="1" falsecount="0"/>
      <line num="73" count="38" type="stmt"/>
      <line num="74" count="38" type="cond" truecount="1" falsecount="0"/>
      <line num="76" count="38" type="cond" truecount="1" falsecount="0"/>
      <line num="77" count="2" type="stmt"/>
      <line num="78" count="2" type="stmt"/>
      <line num="79" count="2" type="cond" truecount="1" falsecount="0"/>
      <line num="81" count="35" type="stmt"/>
      <line num="82" count="35" type="stmt"/>
      <line num="83" count="38" type="stmt"/>
      <line num="86" count="1" type="cond" truecount="1" falsecount="0"/>
      <line num="87" count="1" type="stmt"/>
      <line num="88" count="1" type="stmt"/>
      <line num="89" count="1" type="stmt"/>
    </file>
    <file name="proxy-chain.ts" path="/Users/werk/proxygate/packages/sdk/src/proxy-chain.ts">
      <metrics statements="59" coveredstatements="59" conditionals="21" coveredconditionals="21" methods="7" coveredmethods="7"/>
      <line num="18" count="1" type="stmt"/>
      <line num="19" count="1" type="stmt"/>
      <line num="20" count="1" type="stmt"/>
      <line num="21" count="1" type="stmt"/>
      <line num="22" count="1" type="stmt"/>
      <line num="23" count="1" type="stmt"/>
      <line num="24" count="1" type="stmt"/>
      <line num="25" count="1" type="stmt"/>
      <line num="26" count="1" type="stmt"/>
      <line num="29" count="1" type="stmt"/>
      <line num="30" count="1" type="stmt"/>
      <line num="31" count="1" type="stmt"/>
      <line num="32" count="1" type="stmt"/>
      <line num="33" count="1" type="stmt"/>
      <line num="34" count="1" type="stmt"/>
      <line num="35" count="1" type="stmt"/>
      <line num="36" count="1" type="stmt"/>
      <line num="37" count="1" type="stmt"/>
      <line num="52" count="1" type="cond" truecount="1" falsecount="0"/>
      <line num="53" count="69" type="stmt"/>
      <line num="54" count="69" type="stmt"/>
      <line num="55" count="69" type="stmt"/>
      <line num="56" count="69" type="stmt"/>
      <line num="57" count="69" type="cond" truecount="1" falsecount="0"/>
      <line num="59" count="69" type="cond" truecount="2" falsecount="0"/>
      <line num="60" count="8" type="stmt"/>
      <line num="61" count="8" type="cond" truecount="1" falsecount="0"/>
      <line num="63" count="61" type="stmt"/>
      <line num="66" count="69" type="cond" truecount="1" falsecount="0"/>
      <line num="67" count="16" type="stmt"/>
      <line num="68" count="16" type="cond" truecount="1" falsecount="0"/>
      <line num="69" count="4" type="cond" truecount="1" falsecount="0"/>
      <line num="70" count="4" type="stmt"/>
      <line num="71" count="16" type="cond" truecount="1" falsecount="0"/>
      <line num="72" count="2" type="cond" truecount="1" falsecount="0"/>
      <line num="73" count="2" type="stmt"/>
      <line num="74" count="16" type="cond" truecount="1" falsecount="0"/>
      <line num="75" count="3" type="cond" truecount="1" falsecount="0"/>
      <line num="76" count="3" type="stmt"/>
      <line num="77" count="16" type="cond" truecount="1" falsecount="0"/>
      <line num="78" count="1" type="cond" truecount="1" falsecount="0"/>
      <line num="79" count="1" type="stmt"/>
      <line num="80" count="16" type="cond" truecount="1" falsecount="0"/>
      <line num="81" count="1" type="cond" truecount="1" falsecount="0"/>
      <line num="82" count="1" type="stmt"/>
      <line num="83" count="16" type="cond" truecount="1" falsecount="0"/>
      <line num="84" count="1" type="cond" truecount="1" falsecount="0"/>
      <line num="85" count="1" type="stmt"/>
      <line num="86" count="16" type="cond" truecount="1" falsecount="0"/>
      <line num="87" count="4" type="cond" truecount="1" falsecount="0"/>
      <line num="88" count="4" type="stmt"/>
      <line num="89" count="16" type="stmt"/>
      <line num="90" count="16" type="cond" truecount="1" falsecount="0"/>
      <line num="93" count="45" type="stmt"/>
      <line num="94" count="69" type="stmt"/>
      <line num="95" count="69" type="stmt"/>
      <line num="99" count="69" type="stmt"/>
      <line num="100" count="69" type="stmt"/>
      <line num="101" count="69" type="stmt"/>
    </file>
    <file name="stream.ts" path="/Users/werk/proxygate/packages/sdk/src/stream.ts">
      <metrics statements="48" coveredstatements="48" conditionals="18" coveredconditionals="18" methods="1" coveredmethods="1"/>
      <line num="20" count="13" type="cond" truecount="1" falsecount="0"/>
      <line num="21" count="13" type="stmt"/>
      <line num="22" count="13" type="stmt"/>
      <line num="23" count="13" type="stmt"/>
      <line num="24" count="13" type="stmt"/>
      <line num="26" count="13" type="stmt"/>
      <line num="27" count="13" type="cond" truecount="1" falsecount="0"/>
      <line num="28" count="29" type="stmt"/>
      <line num="30" count="29" type="cond" truecount="1" falsecount="0"/>
      <line num="32" count="11" type="cond" truecount="1" falsecount="0"/>
      <line num="33" count="1" type="stmt"/>
      <line num="34" count="1" type="stmt"/>
      <line num="35" count="11" type="stmt"/>
      <line num="36" count="11" type="cond" truecount="1" falsecount="0"/>
      <line num="38" count="18" type="stmt"/>
      <line num="39" count="18" type="stmt"/>
      <line num="42" count="18" type="stmt"/>
      <line num="44" count="29" type="cond" truecount="1" falsecount="0"/>
      <line num="45" count="36" type="cond" truecount="1" falsecount="0"/>
      <line num="46" count="17" type="stmt"/>
      <line num="49" count="17" type="cond" truecount="1" falsecount="0"/>
      <line num="50" count="2" type="stmt"/>
      <line num="51" count="2" type="cond" truecount="1" falsecount="0"/>
      <line num="54" count="17" type="cond" truecount="1" falsecount="0"/>
      <line num="55" count="1" type="stmt"/>
      <line num="56" count="17" type="cond" truecount="1" falsecount="0"/>
      <line num="57" count="14" type="stmt"/>
      <line num="58" count="14" type="stmt"/>
      <line num="59" count="36" type="cond" truecount="2" falsecount="0"/>
      <line num="60" count="2" type="stmt"/>
      <line num="61" count="19" type="cond" truecount="2" falsecount="0"/>
      <line num="62" count="2" type="stmt"/>
      <line num="63" count="17" type="cond" truecount="1" falsecount="0"/>
      <line num="65" count="15" type="cond" truecount="1" falsecount="0"/>
      <line num="66" count="13" type="stmt"/>
      <line num="67" count="13" type="stmt"/>
      <line num="68" count="13" type="stmt"/>
      <line num="69" count="13" type="stmt"/>
      <line num="70" count="13" type="stmt"/>
      <line num="71" count="13" type="stmt"/>
      <line num="72" count="13" type="stmt"/>
      <line num="73" count="15" type="stmt"/>
      <line num="75" count="36" type="cond" truecount="1" falsecount="0"/>
      <line num="76" count="16" type="stmt"/>
      <line num="77" count="13" type="stmt"/>
      <line num="78" count="13" type="stmt"/>
      <line num="79" count="13" type="stmt"/>
      <line num="80" count="13" type="stmt"/>
    </file>
    <file name="types.ts" path="/Users/werk/proxygate/packages/sdk/src/types.ts">
      <metrics statements="0" coveredstatements="0" conditionals="1" coveredconditionals="1" methods="1" coveredmethods="1"/>
    </file>
  </project>
</coverage>
