{"/Users/werk/proxygate/packages/sdk/src/auth.ts": {"path":"/Users/werk/proxygate/packages/sdk/src/auth.ts","all":false,"statementMap":{"0":{"start":{"line":1,"column":0},"end":{"line":1,"column":29}},"24":{"start":{"line":25,"column":0},"end":{"line":25,"column":86}},"26":{"start":{"line":27,"column":0},"end":{"line":27,"column":104}},"27":{"start":{"line":28,"column":0},"end":{"line":28,"column":41}},"29":{"start":{"line":30,"column":0},"end":{"line":30,"column":21}},"30":{"start":{"line":31,"column":0},"end":{"line":31,"column":55}},"31":{"start":{"line":32,"column":0},"end":{"line":32,"column":74}},"32":{"start":{"line":33,"column":0},"end":{"line":33,"column":3}},"34":{"start":{"line":35,"column":0},"end":{"line":35,"column":85}},"37":{"start":{"line":38,"column":0},"end":{"line":38,"column":55}},"38":{"start":{"line":39,"column":0},"end":{"line":39,"column":72}},"41":{"start":{"line":42,"column":0},"end":{"line":42,"column":52}},"43":{"start":{"line":44,"column":0},"end":{"line":44,"column":10}},"44":{"start":{"line":45,"column":0},"end":{"line":45,"column":38}},"45":{"start":{"line":46,"column":0},"end":{"line":46,"column":21}},"46":{"start":{"line":47,"column":0},"end":{"line":47,"column":35}},"47":{"start":{"line":48,"column":0},"end":{"line":48,"column":4}},"48":{"start":{"line":49,"column":0},"end":{"line":49,"column":1}},"51":{"start":{"line":52,"column":0},"end":{"line":52,"column":52}},"52":{"start":{"line":53,"column":0},"end":{"line":53,"column":38}},"53":{"start":{"line":54,"column":0},"end":{"line":54,"column":49}},"54":{"start":{"line":55,"column":0},"end":{"line":55,"column":3}},"56":{"start":{"line":57,"column":0},"end":{"line":57,"column":18}},"57":{"start":{"line":58,"column":0},"end":{"line":58,"column":42}},"58":{"start":{"line":59,"column":0},"end":{"line":59,"column":44}},"59":{"start":{"line":60,"column":0},"end":{"line":60,"column":3}},"60":{"start":{"line":61,"column":0},"end":{"line":61,"column":22}},"61":{"start":{"line":62,"column":0},"end":{"line":62,"column":1}}},"s":{"0":1,"24":7,"26":7,"27":7,"29":7,"30":2,"31":2,"32":2,"34":4,"37":4,"38":4,"41":4,"43":4,"44":4,"45":4,"46":4,"47":4,"48":4,"51":4,"52":4,"53":4,"54":4,"56":0,"57":0,"58":0,"59":0,"60":0,"61":0},"branchMap":{"0":{"type":"branch","line":25,"loc":{"start":{"line":25,"column":0},"end":{"line":49,"column":1}},"locations":[{"start":{"line":25,"column":0},"end":{"line":49,"column":1}}]},"1":{"type":"branch","line":28,"loc":{"start":{"line":28,"column":39},"end":{"line":30,"column":20}},"locations":[{"start":{"line":28,"column":39},"end":{"line":30,"column":20}}]},"2":{"type":"branch","line":30,"loc":{"start":{"line":30,"column":20},"end":{"line":33,"column":3}},"locations":[{"start":{"line":30,"column":20},"end":{"line":33,"column":3}}]},"3":{"type":"branch","line":33,"loc":{"start":{"line":33,"column":2},"end":{"line":49,"column":1}},"locations":[{"start":{"line":33,"column":2},"end":{"line":49,"column":1}}]},"4":{"type":"branch","line":52,"loc":{"start":{"line":52,"column":0},"end":{"line":62,"column":1}},"locations":[{"start":{"line":52,"column":0},"end":{"line":62,"column":1}}]},"5":{"type":"branch","line":55,"loc":{"start":{"line":55,"column":2},"end":{"line":62,"column":1}},"locations":[{"start":{"line":55,"column":2},"end":{"line":62,"column":1}}]}},"b":{"0":[7],"1":[6],"2":[2],"3":[4],"4":[4],"5":[0]},"fnMap":{"0":{"name":"signRequest","decl":{"start":{"line":25,"column":0},"end":{"line":49,"column":1}},"loc":{"start":{"line":25,"column":0},"end":{"line":49,"column":1}},"line":25},"1":{"name":"bufferToBase64","decl":{"start":{"line":52,"column":0},"end":{"line":62,"column":1}},"loc":{"start":{"line":52,"column":0},"end":{"line":62,"column":1}},"line":52}},"f":{"0":7,"1":4}}
,"/Users/werk/proxygate/packages/sdk/src/base58.ts": {"path":"/Users/werk/proxygate/packages/sdk/src/base58.ts","all":false,"statementMap":{"0":{"start":{"line":1,"column":0},"end":{"line":1,"column":78}},"7":{"start":{"line":8,"column":0},"end":{"line":8,"column":57}},"9":{"start":{"line":10,"column":0},"end":{"line":10,"column":23}},"10":{"start":{"line":11,"column":0},"end":{"line":11,"column":60}},"11":{"start":{"line":12,"column":0},"end":{"line":12,"column":19}},"12":{"start":{"line":13,"column":0},"end":{"line":13,"column":3}},"15":{"start":{"line":16,"column":0},"end":{"line":16,"column":22}},"16":{"start":{"line":17,"column":0},"end":{"line":17,"column":42}},"17":{"start":{"line":18,"column":0},"end":{"line":18,"column":47}},"18":{"start":{"line":19,"column":0},"end":{"line":19,"column":3}},"21":{"start":{"line":22,"column":0},"end":{"line":22,"column":29}},"22":{"start":{"line":23,"column":0},"end":{"line":23,"column":27}},"23":{"start":{"line":24,"column":0},"end":{"line":24,"column":47}},"24":{"start":{"line":25,"column":0},"end":{"line":25,"column":27}},"25":{"start":{"line":26,"column":0},"end":{"line":26,"column":39}},"26":{"start":{"line":27,"column":0},"end":{"line":27,"column":3}},"29":{"start":{"line":30,"column":0},"end":{"line":30,"column":42}},"30":{"start":{"line":31,"column":0},"end":{"line":31,"column":23}},"31":{"start":{"line":32,"column":0},"end":{"line":32,"column":3}},"33":{"start":{"line":34,"column":0},"end":{"line":34,"column":24}},"34":{"start":{"line":35,"column":0},"end":{"line":35,"column":1}}},"s":{"0":1,"7":1,"9":9,"10":9,"11":7,"12":7,"15":9,"16":9,"17":138,"18":138,"21":9,"22":9,"23":179,"24":179,"25":179,"26":179,"29":9,"30":7,"31":7,"33":9,"34":9},"branchMap":{"0":{"type":"branch","line":8,"loc":{"start":{"line":8,"column":7},"end":{"line":35,"column":1}},"locations":[{"start":{"line":8,"column":7},"end":{"line":35,"column":1}}]},"1":{"type":"branch","line":11,"loc":{"start":{"line":11,"column":28},"end":{"line":11,"column":54}},"locations":[{"start":{"line":11,"column":28},"end":{"line":11,"column":54}}]},"2":{"type":"branch","line":11,"loc":{"start":{"line":11,"column":59},"end":{"line":13,"column":3}},"locations":[{"start":{"line":11,"column":59},"end":{"line":13,"column":3}}]},"3":{"type":"branch","line":17,"loc":{"start":{"line":17,"column":41},"end":{"line":19,"column":3}},"locations":[{"start":{"line":17,"column":41},"end":{"line":19,"column":3}}]},"4":{"type":"branch","line":23,"loc":{"start":{"line":23,"column":26},"end":{"line":27,"column":3}},"locations":[{"start":{"line":23,"column":26},"end":{"line":27,"column":3}}]},"5":{"type":"branch","line":30,"loc":{"start":{"line":30,"column":41},"end":{"line":32,"column":3}},"locations":[{"start":{"line":30,"column":41},"end":{"line":32,"column":3}}]}},"b":{"0":[9],"1":[14],"2":[7],"3":[138],"4":[179],"5":[7]},"fnMap":{"0":{"name":"encodeBase58","decl":{"start":{"line":8,"column":7},"end":{"line":35,"column":1}},"loc":{"start":{"line":8,"column":7},"end":{"line":35,"column":1}},"line":8}},"f":{"0":9}}
,"/Users/werk/proxygate/packages/sdk/src/client.ts": {"path":"/Users/werk/proxygate/packages/sdk/src/client.ts","all":false,"statementMap":{"0":{"start":{"line":1,"column":0},"end":{"line":1,"column":29}},"1":{"start":{"line":2,"column":0},"end":{"line":2,"column":44}},"2":{"start":{"line":3,"column":0},"end":{"line":3,"column":36}},"3":{"start":{"line":4,"column":0},"end":{"line":4,"column":34}},"4":{"start":{"line":5,"column":0},"end":{"line":5,"column":41}},"5":{"start":{"line":6,"column":0},"end":{"line":6,"column":51}},"6":{"start":{"line":7,"column":0},"end":{"line":7,"column":36}},"7":{"start":{"line":8,"column":0},"end":{"line":8,"column":40}},"39":{"start":{"line":40,"column":0},"end":{"line":40,"column":43}},"40":{"start":{"line":41,"column":0},"end":{"line":41,"column":24}},"41":{"start":{"line":42,"column":0},"end":{"line":42,"column":30}},"42":{"start":{"line":43,"column":0},"end":{"line":43,"column":27}},"43":{"start":{"line":44,"column":0},"end":{"line":44,"column":25}},"44":{"start":{"line":45,"column":0},"end":{"line":45,"column":28}},"46":{"start":{"line":47,"column":0},"end":{"line":47,"column":63}},"47":{"start":{"line":48,"column":0},"end":{"line":48,"column":32}},"48":{"start":{"line":49,"column":0},"end":{"line":49,"column":33}},"49":{"start":{"line":50,"column":0},"end":{"line":50,"column":35}},"50":{"start":{"line":51,"column":0},"end":{"line":51,"column":33}},"51":{"start":{"line":52,"column":0},"end":{"line":52,"column":38}},"52":{"start":{"line":53,"column":0},"end":{"line":53,"column":34}},"53":{"start":{"line":54,"column":0},"end":{"line":54,"column":41}},"54":{"start":{"line":55,"column":0},"end":{"line":55,"column":3}},"55":{"start":{"line":56,"column":0},"end":{"line":56,"column":1}},"62":{"start":{"line":63,"column":0},"end":{"line":63,"column":52}},"63":{"start":{"line":64,"column":0},"end":{"line":64,"column":38}},"64":{"start":{"line":65,"column":0},"end":{"line":65,"column":49}},"65":{"start":{"line":66,"column":0},"end":{"line":66,"column":3}},"67":{"start":{"line":68,"column":0},"end":{"line":68,"column":18}},"68":{"start":{"line":69,"column":0},"end":{"line":69,"column":42}},"69":{"start":{"line":70,"column":0},"end":{"line":70,"column":44}},"70":{"start":{"line":71,"column":0},"end":{"line":71,"column":3}},"71":{"start":{"line":72,"column":0},"end":{"line":72,"column":22}},"72":{"start":{"line":73,"column":0},"end":{"line":73,"column":1}},"79":{"start":{"line":80,"column":0},"end":{"line":80,"column":38}},"80":{"start":{"line":81,"column":0},"end":{"line":81,"column":11}},"81":{"start":{"line":82,"column":0},"end":{"line":82,"column":39}},"82":{"start":{"line":83,"column":0},"end":{"line":83,"column":30}},"84":{"start":{"line":85,"column":0},"end":{"line":85,"column":43}},"85":{"start":{"line":86,"column":0},"end":{"line":86,"column":22}},"87":{"start":{"line":88,"column":0},"end":{"line":88,"column":52}},"88":{"start":{"line":89,"column":0},"end":{"line":89,"column":48}},"89":{"start":{"line":90,"column":0},"end":{"line":90,"column":33}},"90":{"start":{"line":91,"column":0},"end":{"line":91,"column":21}},"91":{"start":{"line":92,"column":0},"end":{"line":92,"column":5}},"92":{"start":{"line":93,"column":0},"end":{"line":93,"column":3}},"94":{"start":{"line":95,"column":0},"end":{"line":95,"column":37}},"95":{"start":{"line":96,"column":0},"end":{"line":96,"column":1}},"135":{"start":{"line":136,"column":0},"end":{"line":136,"column":30}},"136":{"start":{"line":137,"column":0},"end":{"line":137,"column":30}},"137":{"start":{"line":138,"column":0},"end":{"line":138,"column":33}},"139":{"start":{"line":140,"column":0},"end":{"line":140,"column":42}},"140":{"start":{"line":141,"column":0},"end":{"line":141,"column":41}},"142":{"start":{"line":143,"column":0},"end":{"line":143,"column":45}},"143":{"start":{"line":144,"column":0},"end":{"line":144,"column":58}},"144":{"start":{"line":145,"column":0},"end":{"line":145,"column":44}},"145":{"start":{"line":146,"column":0},"end":{"line":146,"column":37}},"146":{"start":{"line":147,"column":0},"end":{"line":147,"column":37}},"147":{"start":{"line":148,"column":0},"end":{"line":148,"column":34}},"148":{"start":{"line":149,"column":0},"end":{"line":149,"column":40}},"149":{"start":{"line":150,"column":0},"end":{"line":150,"column":7}},"150":{"start":{"line":151,"column":0},"end":{"line":151,"column":3}},"160":{"start":{"line":161,"column":0},"end":{"line":161,"column":76}},"161":{"start":{"line":162,"column":0},"end":{"line":162,"column":40}},"164":{"start":{"line":165,"column":0},"end":{"line":165,"column":39}},"165":{"start":{"line":166,"column":0},"end":{"line":166,"column":59}},"166":{"start":{"line":167,"column":0},"end":{"line":167,"column":5}},"168":{"start":{"line":169,"column":0},"end":{"line":169,"column":41}},"170":{"start":{"line":171,"column":0},"end":{"line":171,"column":54}},"171":{"start":{"line":172,"column":0},"end":{"line":172,"column":46}},"173":{"start":{"line":174,"column":0},"end":{"line":174,"column":8}},"174":{"start":{"line":175,"column":0},"end":{"line":175,"column":33}},"175":{"start":{"line":176,"column":0},"end":{"line":176,"column":31}},"176":{"start":{"line":177,"column":0},"end":{"line":177,"column":51}},"177":{"start":{"line":178,"column":0},"end":{"line":178,"column":7}},"178":{"start":{"line":179,"column":0},"end":{"line":179,"column":22}},"179":{"start":{"line":180,"column":0},"end":{"line":180,"column":74}},"180":{"start":{"line":181,"column":0},"end":{"line":181,"column":83}},"181":{"start":{"line":182,"column":0},"end":{"line":182,"column":11}},"182":{"start":{"line":183,"column":0},"end":{"line":183,"column":8}},"183":{"start":{"line":184,"column":0},"end":{"line":184,"column":5}},"185":{"start":{"line":186,"column":0},"end":{"line":186,"column":60}},"186":{"start":{"line":187,"column":0},"end":{"line":187,"column":75}},"187":{"start":{"line":188,"column":0},"end":{"line":188,"column":50}},"189":{"start":{"line":190,"column":0},"end":{"line":190,"column":32}},"190":{"start":{"line":191,"column":0},"end":{"line":191,"column":34}},"191":{"start":{"line":192,"column":0},"end":{"line":192,"column":20}},"192":{"start":{"line":193,"column":0},"end":{"line":193,"column":16}},"193":{"start":{"line":194,"column":0},"end":{"line":194,"column":7}},"194":{"start":{"line":195,"column":0},"end":{"line":195,"column":3}},"217":{"start":{"line":218,"column":0},"end":{"line":218,"column":27}},"218":{"start":{"line":219,"column":0},"end":{"line":219,"column":36}},"219":{"start":{"line":220,"column":0},"end":{"line":220,"column":3}},"226":{"start":{"line":227,"column":0},"end":{"line":227,"column":45}},"227":{"start":{"line":228,"column":0},"end":{"line":228,"column":77}},"228":{"start":{"line":229,"column":0},"end":{"line":229,"column":3}},"231":{"start":{"line":232,"column":0},"end":{"line":232,"column":71}},"232":{"start":{"line":233,"column":0},"end":{"line":233,"column":71}},"233":{"start":{"line":234,"column":0},"end":{"line":234,"column":30}},"234":{"start":{"line":235,"column":0},"end":{"line":235,"column":7}},"235":{"start":{"line":236,"column":0},"end":{"line":236,"column":3}},"238":{"start":{"line":239,"column":0},"end":{"line":239,"column":65}},"239":{"start":{"line":240,"column":0},"end":{"line":240,"column":74}},"240":{"start":{"line":241,"column":0},"end":{"line":241,"column":30}},"241":{"start":{"line":242,"column":0},"end":{"line":242,"column":7}},"242":{"start":{"line":243,"column":0},"end":{"line":243,"column":3}},"248":{"start":{"line":249,"column":0},"end":{"line":249,"column":84}},"249":{"start":{"line":250,"column":0},"end":{"line":250,"column":79}},"250":{"start":{"line":251,"column":0},"end":{"line":251,"column":30}},"251":{"start":{"line":252,"column":0},"end":{"line":252,"column":7}},"252":{"start":{"line":253,"column":0},"end":{"line":253,"column":3}},"255":{"start":{"line":256,"column":0},"end":{"line":256,"column":68}},"256":{"start":{"line":257,"column":0},"end":{"line":257,"column":81}},"257":{"start":{"line":258,"column":0},"end":{"line":258,"column":17}},"258":{"start":{"line":259,"column":0},"end":{"line":259,"column":7}},"259":{"start":{"line":260,"column":0},"end":{"line":260,"column":3}},"262":{"start":{"line":263,"column":0},"end":{"line":263,"column":56}},"263":{"start":{"line":264,"column":0},"end":{"line":264,"column":73}},"264":{"start":{"line":265,"column":0},"end":{"line":265,"column":17}},"265":{"start":{"line":266,"column":0},"end":{"line":266,"column":7}},"266":{"start":{"line":267,"column":0},"end":{"line":267,"column":3}},"269":{"start":{"line":270,"column":0},"end":{"line":270,"column":62}},"270":{"start":{"line":271,"column":0},"end":{"line":271,"column":72}},"271":{"start":{"line":272,"column":0},"end":{"line":272,"column":30}},"272":{"start":{"line":273,"column":0},"end":{"line":273,"column":7}},"273":{"start":{"line":274,"column":0},"end":{"line":274,"column":3}},"276":{"start":{"line":277,"column":0},"end":{"line":277,"column":47}},"277":{"start":{"line":278,"column":0},"end":{"line":278,"column":79}},"278":{"start":{"line":279,"column":0},"end":{"line":279,"column":3}},"283":{"start":{"line":284,"column":0},"end":{"line":284,"column":71}},"284":{"start":{"line":285,"column":0},"end":{"line":285,"column":54}},"285":{"start":{"line":286,"column":0},"end":{"line":286,"column":12}},"286":{"start":{"line":287,"column":0},"end":{"line":287,"column":57}},"287":{"start":{"line":288,"column":0},"end":{"line":288,"column":6}},"288":{"start":{"line":289,"column":0},"end":{"line":289,"column":3}},"291":{"start":{"line":292,"column":0},"end":{"line":292,"column":83}},"292":{"start":{"line":293,"column":0},"end":{"line":293,"column":59}},"293":{"start":{"line":294,"column":0},"end":{"line":294,"column":12}},"294":{"start":{"line":295,"column":0},"end":{"line":295,"column":31}},"295":{"start":{"line":296,"column":0},"end":{"line":296,"column":34}},"296":{"start":{"line":297,"column":0},"end":{"line":297,"column":6}},"297":{"start":{"line":298,"column":0},"end":{"line":298,"column":3}},"307":{"start":{"line":308,"column":0},"end":{"line":308,"column":16}},"308":{"start":{"line":309,"column":0},"end":{"line":309,"column":19}},"309":{"start":{"line":310,"column":0},"end":{"line":310,"column":23}},"310":{"start":{"line":311,"column":0},"end":{"line":311,"column":47}},"311":{"start":{"line":312,"column":0},"end":{"line":312,"column":24}},"312":{"start":{"line":313,"column":0},"end":{"line":313,"column":48}},"313":{"start":{"line":314,"column":0},"end":{"line":314,"column":50}},"314":{"start":{"line":315,"column":0},"end":{"line":315,"column":52}},"316":{"start":{"line":317,"column":0},"end":{"line":317,"column":39}},"317":{"start":{"line":318,"column":0},"end":{"line":318,"column":13}},"318":{"start":{"line":319,"column":0},"end":{"line":319,"column":16}},"319":{"start":{"line":320,"column":0},"end":{"line":320,"column":23}},"320":{"start":{"line":321,"column":0},"end":{"line":321,"column":43}},"321":{"start":{"line":322,"column":0},"end":{"line":322,"column":33}},"322":{"start":{"line":323,"column":0},"end":{"line":323,"column":8}},"323":{"start":{"line":324,"column":0},"end":{"line":324,"column":77}},"324":{"start":{"line":325,"column":0},"end":{"line":325,"column":27}},"325":{"start":{"line":326,"column":0},"end":{"line":326,"column":7}},"327":{"start":{"line":328,"column":0},"end":{"line":328,"column":20}},"328":{"start":{"line":329,"column":0},"end":{"line":329,"column":3}},"334":{"start":{"line":335,"column":0},"end":{"line":335,"column":23}},"335":{"start":{"line":336,"column":0},"end":{"line":336,"column":19}},"336":{"start":{"line":337,"column":0},"end":{"line":337,"column":23}},"337":{"start":{"line":338,"column":0},"end":{"line":338,"column":47}},"338":{"start":{"line":339,"column":0},"end":{"line":339,"column":31}},"339":{"start":{"line":340,"column":0},"end":{"line":340,"column":48}},"340":{"start":{"line":341,"column":0},"end":{"line":341,"column":50}},"341":{"start":{"line":342,"column":0},"end":{"line":342,"column":52}},"343":{"start":{"line":344,"column":0},"end":{"line":344,"column":39}},"344":{"start":{"line":345,"column":0},"end":{"line":345,"column":13}},"345":{"start":{"line":346,"column":0},"end":{"line":346,"column":16}},"346":{"start":{"line":347,"column":0},"end":{"line":347,"column":23}},"347":{"start":{"line":348,"column":0},"end":{"line":348,"column":43}},"348":{"start":{"line":349,"column":0},"end":{"line":349,"column":36}},"349":{"start":{"line":350,"column":0},"end":{"line":350,"column":33}},"350":{"start":{"line":351,"column":0},"end":{"line":351,"column":8}},"351":{"start":{"line":352,"column":0},"end":{"line":352,"column":77}},"352":{"start":{"line":353,"column":0},"end":{"line":353,"column":27}},"353":{"start":{"line":354,"column":0},"end":{"line":354,"column":7}},"355":{"start":{"line":356,"column":0},"end":{"line":356,"column":23}},"356":{"start":{"line":357,"column":0},"end":{"line":357,"column":57}},"357":{"start":{"line":358,"column":0},"end":{"line":358,"column":37}},"358":{"start":{"line":359,"column":0},"end":{"line":359,"column":11}},"359":{"start":{"line":360,"column":0},"end":{"line":360,"column":56}},"360":{"start":{"line":361,"column":0},"end":{"line":361,"column":15}},"361":{"start":{"line":362,"column":0},"end":{"line":362,"column":93}},"362":{"start":{"line":363,"column":0},"end":{"line":363,"column":7}},"363":{"start":{"line":364,"column":0},"end":{"line":364,"column":62}},"364":{"start":{"line":365,"column":0},"end":{"line":365,"column":5}},"366":{"start":{"line":367,"column":0},"end":{"line":367,"column":67}},"367":{"start":{"line":368,"column":0},"end":{"line":368,"column":53}},"368":{"start":{"line":369,"column":0},"end":{"line":369,"column":31}},"369":{"start":{"line":370,"column":0},"end":{"line":370,"column":9}},"370":{"start":{"line":371,"column":0},"end":{"line":371,"column":40}},"371":{"start":{"line":372,"column":0},"end":{"line":372,"column":71}},"372":{"start":{"line":373,"column":0},"end":{"line":373,"column":10}},"373":{"start":{"line":374,"column":0},"end":{"line":374,"column":24}},"374":{"start":{"line":375,"column":0},"end":{"line":375,"column":8}},"375":{"start":{"line":376,"column":0},"end":{"line":376,"column":5}},"377":{"start":{"line":378,"column":0},"end":{"line":378,"column":30}},"378":{"start":{"line":379,"column":0},"end":{"line":379,"column":3}},"385":{"start":{"line":386,"column":0},"end":{"line":386,"column":56}},"386":{"start":{"line":387,"column":0},"end":{"line":387,"column":50}},"387":{"start":{"line":388,"column":0},"end":{"line":388,"column":57}},"388":{"start":{"line":389,"column":0},"end":{"line":389,"column":72}},"389":{"start":{"line":390,"column":0},"end":{"line":390,"column":54}},"391":{"start":{"line":392,"column":0},"end":{"line":392,"column":12}},"392":{"start":{"line":393,"column":0},"end":{"line":393,"column":37}},"393":{"start":{"line":394,"column":0},"end":{"line":394,"column":23}},"394":{"start":{"line":395,"column":0},"end":{"line":395,"column":37}},"395":{"start":{"line":396,"column":0},"end":{"line":396,"column":6}},"396":{"start":{"line":397,"column":0},"end":{"line":397,"column":3}},"399":{"start":{"line":400,"column":0},"end":{"line":400,"column":41}},"400":{"start":{"line":401,"column":0},"end":{"line":401,"column":19}},"401":{"start":{"line":402,"column":0},"end":{"line":402,"column":17}},"402":{"start":{"line":403,"column":0},"end":{"line":403,"column":12}},"408":{"start":{"line":409,"column":0},"end":{"line":409,"column":17}},"409":{"start":{"line":410,"column":0},"end":{"line":410,"column":50}},"410":{"start":{"line":411,"column":0},"end":{"line":411,"column":52}},"412":{"start":{"line":413,"column":0},"end":{"line":413,"column":39}},"413":{"start":{"line":414,"column":0},"end":{"line":414,"column":13}},"414":{"start":{"line":415,"column":0},"end":{"line":415,"column":16}},"415":{"start":{"line":416,"column":0},"end":{"line":416,"column":23}},"416":{"start":{"line":417,"column":0},"end":{"line":417,"column":43}},"417":{"start":{"line":418,"column":0},"end":{"line":418,"column":33}},"418":{"start":{"line":419,"column":0},"end":{"line":419,"column":8}},"419":{"start":{"line":420,"column":0},"end":{"line":420,"column":77}},"420":{"start":{"line":421,"column":0},"end":{"line":421,"column":27}},"421":{"start":{"line":422,"column":0},"end":{"line":422,"column":7}},"423":{"start":{"line":424,"column":0},"end":{"line":424,"column":23}},"424":{"start":{"line":425,"column":0},"end":{"line":425,"column":57}},"425":{"start":{"line":426,"column":0},"end":{"line":426,"column":37}},"426":{"start":{"line":427,"column":0},"end":{"line":427,"column":11}},"427":{"start":{"line":428,"column":0},"end":{"line":428,"column":56}},"428":{"start":{"line":429,"column":0},"end":{"line":429,"column":15}},"429":{"start":{"line":430,"column":0},"end":{"line":430,"column":88}},"430":{"start":{"line":431,"column":0},"end":{"line":431,"column":7}},"431":{"start":{"line":432,"column":0},"end":{"line":432,"column":62}},"432":{"start":{"line":433,"column":0},"end":{"line":433,"column":5}},"434":{"start":{"line":435,"column":0},"end":{"line":435,"column":40}},"435":{"start":{"line":436,"column":0},"end":{"line":436,"column":3}},"438":{"start":{"line":439,"column":0},"end":{"line":439,"column":34}},"439":{"start":{"line":440,"column":0},"end":{"line":440,"column":19}},"440":{"start":{"line":441,"column":0},"end":{"line":441,"column":17}},"441":{"start":{"line":442,"column":0},"end":{"line":442,"column":46}},"442":{"start":{"line":443,"column":0},"end":{"line":443,"column":17}},"443":{"start":{"line":444,"column":0},"end":{"line":444,"column":50}},"445":{"start":{"line":446,"column":0},"end":{"line":446,"column":39}},"446":{"start":{"line":447,"column":0},"end":{"line":447,"column":13}},"447":{"start":{"line":448,"column":0},"end":{"line":448,"column":54}},"448":{"start":{"line":449,"column":0},"end":{"line":449,"column":7}},"450":{"start":{"line":451,"column":0},"end":{"line":451,"column":23}},"451":{"start":{"line":452,"column":0},"end":{"line":452,"column":57}},"452":{"start":{"line":453,"column":0},"end":{"line":453,"column":37}},"453":{"start":{"line":454,"column":0},"end":{"line":454,"column":11}},"454":{"start":{"line":455,"column":0},"end":{"line":455,"column":56}},"455":{"start":{"line":456,"column":0},"end":{"line":456,"column":15}},"456":{"start":{"line":457,"column":0},"end":{"line":457,"column":88}},"457":{"start":{"line":458,"column":0},"end":{"line":458,"column":7}},"458":{"start":{"line":459,"column":0},"end":{"line":459,"column":62}},"459":{"start":{"line":460,"column":0},"end":{"line":460,"column":5}},"461":{"start":{"line":462,"column":0},"end":{"line":462,"column":40}},"462":{"start":{"line":463,"column":0},"end":{"line":463,"column":3}},"465":{"start":{"line":466,"column":0},"end":{"line":466,"column":20}},"466":{"start":{"line":467,"column":0},"end":{"line":467,"column":17}},"467":{"start":{"line":468,"column":0},"end":{"line":468,"column":35}},"468":{"start":{"line":469,"column":0},"end":{"line":469,"column":13}},"469":{"start":{"line":470,"column":0},"end":{"line":470,"column":53}},"471":{"start":{"line":472,"column":0},"end":{"line":472,"column":16}},"472":{"start":{"line":473,"column":0},"end":{"line":473,"column":57}},"473":{"start":{"line":474,"column":0},"end":{"line":474,"column":41}},"474":{"start":{"line":475,"column":0},"end":{"line":475,"column":7}},"475":{"start":{"line":476,"column":0},"end":{"line":476,"column":5}},"477":{"start":{"line":478,"column":0},"end":{"line":478,"column":26}},"478":{"start":{"line":479,"column":0},"end":{"line":479,"column":3}},"479":{"start":{"line":480,"column":0},"end":{"line":480,"column":1}}},"s":{"0":1,"1":1,"2":1,"3":1,"4":1,"5":1,"6":1,"7":1,"39":1,"40":1,"41":7,"42":7,"43":7,"44":7,"46":1,"47":7,"48":7,"49":7,"50":7,"51":7,"52":7,"53":7,"54":7,"55":1,"62":23,"63":23,"64":23,"65":23,"67":0,"68":0,"69":0,"70":0,"71":0,"72":0,"79":8,"80":8,"81":8,"82":8,"84":4,"85":4,"87":8,"88":7,"89":7,"90":7,"91":7,"92":7,"94":8,"95":8,"135":1,"136":1,"137":32,"139":32,"140":32,"142":1,"143":32,"144":32,"145":32,"146":32,"147":32,"148":32,"149":32,"150":32,"160":1,"161":5,"164":5,"165":1,"166":1,"168":5,"170":5,"171":4,"173":4,"174":4,"175":3,"176":2,"177":5,"178":1,"179":1,"180":1,"181":1,"182":1,"183":1,"185":2,"186":2,"187":2,"189":2,"190":2,"191":2,"192":2,"193":2,"194":5,"217":1,"218":6,"219":6,"226":1,"227":5,"228":5,"231":1,"232":2,"233":2,"234":2,"235":2,"238":1,"239":2,"240":2,"241":2,"242":2,"248":1,"249":2,"250":2,"251":2,"252":2,"255":1,"256":1,"257":1,"258":1,"259":1,"262":1,"263":1,"264":1,"265":1,"266":1,"269":1,"270":2,"271":2,"272":2,"273":2,"276":1,"277":2,"278":2,"283":1,"284":2,"285":2,"286":2,"287":2,"288":2,"291":1,"292":2,"293":2,"294":2,"295":2,"296":2,"297":2,"307":1,"308":3,"309":3,"310":3,"311":3,"312":3,"313":3,"314":3,"316":3,"317":3,"318":3,"319":3,"320":3,"321":3,"322":3,"323":3,"324":3,"325":3,"327":3,"328":3,"334":1,"335":3,"336":3,"337":3,"338":3,"339":3,"340":3,"341":3,"343":3,"344":3,"345":3,"346":3,"347":3,"348":3,"349":3,"350":3,"351":3,"352":3,"353":3,"355":3,"356":1,"357":1,"358":1,"359":1,"360":1,"361":0,"362":0,"363":1,"364":1,"366":3,"367":3,"368":1,"369":1,"370":1,"371":1,"372":1,"373":1,"374":1,"375":1,"377":1,"378":3,"385":1,"386":23,"387":23,"388":23,"389":23,"391":23,"392":23,"393":23,"394":23,"395":23,"396":23,"399":1,"400":17,"401":17,"402":17,"408":17,"409":17,"410":17,"412":17,"413":17,"414":17,"415":17,"416":17,"417":17,"418":17,"419":17,"420":17,"421":17,"423":17,"424":2,"425":2,"426":2,"427":2,"428":2,"429":1,"430":1,"431":2,"432":2,"434":14,"435":17,"438":1,"439":4,"440":4,"441":4,"442":4,"443":4,"445":4,"446":4,"447":4,"448":4,"450":4,"451":1,"452":1,"453":1,"454":1,"455":1,"456":0,"457":0,"458":1,"459":1,"461":3,"462":4,"465":1,"466":27,"467":27,"468":27,"469":27,"471":27,"472":4,"473":7,"474":7,"475":4,"477":27,"478":27,"479":1},"branchMap":{"0":{"type":"branch","line":41,"loc":{"start":{"line":41,"column":11},"end":{"line":45,"column":28}},"locations":[{"start":{"line":41,"column":11},"end":{"line":45,"column":28}}]},"1":{"type":"branch","line":47,"loc":{"start":{"line":47,"column":2},"end":{"line":55,"column":3}},"locations":[{"start":{"line":47,"column":2},"end":{"line":55,"column":3}}]},"2":{"type":"branch","line":63,"loc":{"start":{"line":63,"column":0},"end":{"line":73,"column":1}},"locations":[{"start":{"line":63,"column":0},"end":{"line":73,"column":1}}]},"3":{"type":"branch","line":66,"loc":{"start":{"line":66,"column":2},"end":{"line":73,"column":1}},"locations":[{"start":{"line":66,"column":2},"end":{"line":73,"column":1}}]},"4":{"type":"branch","line":80,"loc":{"start":{"line":80,"column":0},"end":{"line":96,"column":1}},"locations":[{"start":{"line":80,"column":0},"end":{"line":96,"column":1}}]},"5":{"type":"branch","line":83,"loc":{"start":{"line":83,"column":13},"end":{"line":88,"column":51}},"locations":[{"start":{"line":83,"column":13},"end":{"line":88,"column":51}}]},"6":{"type":"branch","line":88,"loc":{"start":{"line":88,"column":51},"end":{"line":93,"column":3}},"locations":[{"start":{"line":88,"column":51},"end":{"line":93,"column":3}}]},"7":{"type":"branch","line":93,"loc":{"start":{"line":93,"column":2},"end":{"line":95,"column":27}},"locations":[{"start":{"line":93,"column":2},"end":{"line":95,"column":27}}]},"8":{"type":"branch","line":95,"loc":{"start":{"line":95,"column":19},"end":{"line":95,"column":37}},"locations":[{"start":{"line":95,"column":19},"end":{"line":95,"column":37}}]},"9":{"type":"branch","line":137,"loc":{"start":{"line":137,"column":11},"end":{"line":141,"column":41}},"locations":[{"start":{"line":137,"column":11},"end":{"line":141,"column":41}}]},"10":{"type":"branch","line":143,"loc":{"start":{"line":143,"column":2},"end":{"line":151,"column":3}},"locations":[{"start":{"line":143,"column":2},"end":{"line":151,"column":3}}]},"11":{"type":"branch","line":161,"loc":{"start":{"line":161,"column":2},"end":{"line":195,"column":3}},"locations":[{"start":{"line":161,"column":2},"end":{"line":195,"column":3}}]},"12":{"type":"branch","line":165,"loc":{"start":{"line":165,"column":38},"end":{"line":167,"column":5}},"locations":[{"start":{"line":165,"column":38},"end":{"line":167,"column":5}}]},"13":{"type":"branch","line":171,"loc":{"start":{"line":171,"column":52},"end":{"line":175,"column":33}},"locations":[{"start":{"line":171,"column":52},"end":{"line":175,"column":33}}]},"14":{"type":"branch","line":175,"loc":{"start":{"line":175,"column":29},"end":{"line":176,"column":31}},"locations":[{"start":{"line":175,"column":29},"end":{"line":176,"column":31}}]},"15":{"type":"branch","line":176,"loc":{"start":{"line":176,"column":26},"end":{"line":177,"column":51}},"locations":[{"start":{"line":176,"column":26},"end":{"line":177,"column":51}}]},"16":{"type":"branch","line":178,"loc":{"start":{"line":178,"column":6},"end":{"line":184,"column":5}},"locations":[{"start":{"line":178,"column":6},"end":{"line":184,"column":5}}]},"17":{"type":"branch","line":181,"loc":{"start":{"line":181,"column":63},"end":{"line":181,"column":83}},"locations":[{"start":{"line":181,"column":63},"end":{"line":181,"column":83}}]},"18":{"type":"branch","line":184,"loc":{"start":{"line":184,"column":4},"end":{"line":194,"column":7}},"locations":[{"start":{"line":184,"column":4},"end":{"line":194,"column":7}}]},"19":{"type":"branch","line":177,"loc":{"start":{"line":177,"column":22},"end":{"line":177,"column":50}},"locations":[{"start":{"line":177,"column":22},"end":{"line":177,"column":50}}]},"20":{"type":"branch","line":218,"loc":{"start":{"line":218,"column":2},"end":{"line":220,"column":3}},"locations":[{"start":{"line":218,"column":2},"end":{"line":220,"column":3}}]},"21":{"type":"branch","line":227,"loc":{"start":{"line":227,"column":2},"end":{"line":229,"column":3}},"locations":[{"start":{"line":227,"column":2},"end":{"line":229,"column":3}}]},"22":{"type":"branch","line":232,"loc":{"start":{"line":232,"column":2},"end":{"line":236,"column":3}},"locations":[{"start":{"line":232,"column":2},"end":{"line":236,"column":3}}]},"23":{"type":"branch","line":239,"loc":{"start":{"line":239,"column":2},"end":{"line":243,"column":3}},"locations":[{"start":{"line":239,"column":2},"end":{"line":243,"column":3}}]},"24":{"type":"branch","line":249,"loc":{"start":{"line":249,"column":2},"end":{"line":253,"column":3}},"locations":[{"start":{"line":249,"column":2},"end":{"line":253,"column":3}}]},"25":{"type":"branch","line":256,"loc":{"start":{"line":256,"column":2},"end":{"line":260,"column":3}},"locations":[{"start":{"line":256,"column":2},"end":{"line":260,"column":3}}]},"26":{"type":"branch","line":263,"loc":{"start":{"line":263,"column":2},"end":{"line":267,"column":3}},"locations":[{"start":{"line":263,"column":2},"end":{"line":267,"column":3}}]},"27":{"type":"branch","line":270,"loc":{"start":{"line":270,"column":2},"end":{"line":274,"column":3}},"locations":[{"start":{"line":270,"column":2},"end":{"line":274,"column":3}}]},"28":{"type":"branch","line":277,"loc":{"start":{"line":277,"column":2},"end":{"line":279,"column":3}},"locations":[{"start":{"line":277,"column":2},"end":{"line":279,"column":3}}]},"29":{"type":"branch","line":284,"loc":{"start":{"line":284,"column":2},"end":{"line":289,"column":3}},"locations":[{"start":{"line":284,"column":2},"end":{"line":289,"column":3}}]},"30":{"type":"branch","line":292,"loc":{"start":{"line":292,"column":2},"end":{"line":298,"column":3}},"locations":[{"start":{"line":292,"column":2},"end":{"line":298,"column":3}}]},"31":{"type":"branch","line":308,"loc":{"start":{"line":308,"column":2},"end":{"line":329,"column":3}},"locations":[{"start":{"line":308,"column":2},"end":{"line":329,"column":3}}]},"32":{"type":"branch","line":314,"loc":{"start":{"line":314,"column":37},"end":{"line":314,"column":48}},"locations":[{"start":{"line":314,"column":37},"end":{"line":314,"column":48}}]},"33":{"type":"branch","line":322,"loc":{"start":{"line":322,"column":12},"end":{"line":322,"column":29}},"locations":[{"start":{"line":322,"column":12},"end":{"line":322,"column":29}}]},"34":{"type":"branch","line":324,"loc":{"start":{"line":324,"column":12},"end":{"line":324,"column":27}},"locations":[{"start":{"line":324,"column":12},"end":{"line":324,"column":27}}]},"35":{"type":"branch","line":324,"loc":{"start":{"line":324,"column":27},"end":{"line":324,"column":67}},"locations":[{"start":{"line":324,"column":27},"end":{"line":324,"column":67}}]},"36":{"type":"branch","line":324,"loc":{"start":{"line":324,"column":63},"end":{"line":324,"column":77}},"locations":[{"start":{"line":324,"column":63},"end":{"line":324,"column":77}}]},"37":{"type":"branch","line":325,"loc":{"start":{"line":325,"column":14},"end":{"line":325,"column":27}},"locations":[{"start":{"line":325,"column":14},"end":{"line":325,"column":27}}]},"38":{"type":"branch","line":335,"loc":{"start":{"line":335,"column":2},"end":{"line":379,"column":3}},"locations":[{"start":{"line":335,"column":2},"end":{"line":379,"column":3}}]},"39":{"type":"branch","line":352,"loc":{"start":{"line":352,"column":63},"end":{"line":352,"column":77}},"locations":[{"start":{"line":352,"column":63},"end":{"line":352,"column":77}}]},"40":{"type":"branch","line":356,"loc":{"start":{"line":356,"column":22},"end":{"line":365,"column":5}},"locations":[{"start":{"line":356,"column":22},"end":{"line":365,"column":5}}]},"41":{"type":"branch","line":361,"loc":{"start":{"line":361,"column":6},"end":{"line":363,"column":7}},"locations":[{"start":{"line":361,"column":6},"end":{"line":363,"column":7}}]},"42":{"type":"branch","line":365,"loc":{"start":{"line":365,"column":4},"end":{"line":367,"column":64}},"locations":[{"start":{"line":365,"column":4},"end":{"line":367,"column":64}}]},"43":{"type":"branch","line":367,"loc":{"start":{"line":367,"column":59},"end":{"line":367,"column":67}},"locations":[{"start":{"line":367,"column":59},"end":{"line":367,"column":67}}]},"44":{"type":"branch","line":368,"loc":{"start":{"line":368,"column":52},"end":{"line":378,"column":30}},"locations":[{"start":{"line":368,"column":52},"end":{"line":378,"column":30}}]},"45":{"type":"branch","line":386,"loc":{"start":{"line":386,"column":2},"end":{"line":397,"column":3}},"locations":[{"start":{"line":386,"column":2},"end":{"line":397,"column":3}}]},"46":{"type":"branch","line":400,"loc":{"start":{"line":400,"column":2},"end":{"line":436,"column":3}},"locations":[{"start":{"line":400,"column":2},"end":{"line":436,"column":3}}]},"47":{"type":"branch","line":410,"loc":{"start":{"line":410,"column":37},"end":{"line":410,"column":48}},"locations":[{"start":{"line":410,"column":37},"end":{"line":410,"column":48}}]},"48":{"type":"branch","line":418,"loc":{"start":{"line":418,"column":12},"end":{"line":418,"column":29}},"locations":[{"start":{"line":418,"column":12},"end":{"line":418,"column":29}}]},"49":{"type":"branch","line":418,"loc":{"start":{"line":418,"column":18},"end":{"line":418,"column":33}},"locations":[{"start":{"line":418,"column":18},"end":{"line":418,"column":33}}]},"50":{"type":"branch","line":420,"loc":{"start":{"line":420,"column":12},"end":{"line":420,"column":27}},"locations":[{"start":{"line":420,"column":12},"end":{"line":420,"column":27}}]},"51":{"type":"branch","line":420,"loc":{"start":{"line":420,"column":27},"end":{"line":420,"column":67}},"locations":[{"start":{"line":420,"column":27},"end":{"line":420,"column":67}}]},"52":{"type":"branch","line":420,"loc":{"start":{"line":420,"column":63},"end":{"line":420,"column":77}},"locations":[{"start":{"line":420,"column":63},"end":{"line":420,"column":77}}]},"53":{"type":"branch","line":421,"loc":{"start":{"line":421,"column":14},"end":{"line":421,"column":27}},"locations":[{"start":{"line":421,"column":14},"end":{"line":421,"column":27}}]},"54":{"type":"branch","line":422,"loc":{"start":{"line":422,"column":5},"end":{"line":424,"column":22}},"locations":[{"start":{"line":422,"column":5},"end":{"line":424,"column":22}}]},"55":{"type":"branch","line":424,"loc":{"start":{"line":424,"column":22},"end":{"line":433,"column":5}},"locations":[{"start":{"line":424,"column":22},"end":{"line":433,"column":5}}]},"56":{"type":"branch","line":429,"loc":{"start":{"line":429,"column":6},"end":{"line":431,"column":7}},"locations":[{"start":{"line":429,"column":6},"end":{"line":431,"column":7}}]},"57":{"type":"branch","line":430,"loc":{"start":{"line":430,"column":52},"end":{"line":430,"column":86}},"locations":[{"start":{"line":430,"column":52},"end":{"line":430,"column":86}}]},"58":{"type":"branch","line":433,"loc":{"start":{"line":433,"column":4},"end":{"line":435,"column":40}},"locations":[{"start":{"line":433,"column":4},"end":{"line":435,"column":40}}]},"59":{"type":"branch","line":439,"loc":{"start":{"line":439,"column":2},"end":{"line":463,"column":3}},"locations":[{"start":{"line":439,"column":2},"end":{"line":463,"column":3}}]},"60":{"type":"branch","line":444,"loc":{"start":{"line":444,"column":37},"end":{"line":444,"column":48}},"locations":[{"start":{"line":444,"column":37},"end":{"line":444,"column":48}}]},"61":{"type":"branch","line":451,"loc":{"start":{"line":451,"column":22},"end":{"line":460,"column":5}},"locations":[{"start":{"line":451,"column":22},"end":{"line":460,"column":5}}]},"62":{"type":"branch","line":456,"loc":{"start":{"line":456,"column":6},"end":{"line":458,"column":7}},"locations":[{"start":{"line":456,"column":6},"end":{"line":458,"column":7}}]},"63":{"type":"branch","line":460,"loc":{"start":{"line":460,"column":4},"end":{"line":462,"column":40}},"locations":[{"start":{"line":460,"column":4},"end":{"line":462,"column":40}}]},"64":{"type":"branch","line":466,"loc":{"start":{"line":466,"column":10},"end":{"line":479,"column":3}},"locations":[{"start":{"line":466,"column":10},"end":{"line":479,"column":3}}]},"65":{"type":"branch","line":472,"loc":{"start":{"line":472,"column":15},"end":{"line":476,"column":5}},"locations":[{"start":{"line":472,"column":15},"end":{"line":476,"column":5}}]},"66":{"type":"branch","line":473,"loc":{"start":{"line":473,"column":56},"end":{"line":475,"column":7}},"locations":[{"start":{"line":473,"column":56},"end":{"line":475,"column":7}}]}},"b":{"0":[7],"1":[7],"2":[23],"3":[0],"4":[8],"5":[4],"6":[7],"7":[4],"8":[0],"9":[32],"10":[32],"11":[5],"12":[1],"13":[4],"14":[3],"15":[2],"16":[1],"17":[0],"18":[2],"19":[128],"20":[6],"21":[5],"22":[2],"23":[2],"24":[2],"25":[1],"26":[1],"27":[2],"28":[2],"29":[2],"30":[2],"31":[3],"32":[1],"33":[1],"34":[1],"35":[1],"36":[2],"37":[1],"38":[3],"39":[0],"40":[1],"41":[0],"42":[2],"43":[0],"44":[1],"45":[23],"46":[17],"47":[10],"48":[10],"49":[16],"50":[10],"51":[2],"52":[15],"53":[10],"54":[16],"55":[2],"56":[1],"57":[0],"58":[14],"59":[4],"60":[2],"61":[1],"62":[0],"63":[3],"64":[27],"65":[4],"66":[7]},"fnMap":{"0":{"name":"<instance_members_initializer>","decl":{"start":{"line":41,"column":11},"end":{"line":45,"column":28}},"loc":{"start":{"line":41,"column":11},"end":{"line":45,"column":28}},"line":41},"1":{"name":"ProxyGateError","decl":{"start":{"line":47,"column":2},"end":{"line":55,"column":3}},"loc":{"start":{"line":47,"column":2},"end":{"line":55,"column":3}},"line":47},"2":{"name":"bufferToBase64","decl":{"start":{"line":63,"column":0},"end":{"line":73,"column":1}},"loc":{"start":{"line":63,"column":0},"end":{"line":73,"column":1}},"line":63},"3":{"name":"buildQuery","decl":{"start":{"line":80,"column":0},"end":{"line":96,"column":1}},"loc":{"start":{"line":80,"column":0},"end":{"line":96,"column":1}},"line":80},"4":{"name":"<instance_members_initializer>","decl":{"start":{"line":137,"column":11},"end":{"line":141,"column":41}},"loc":{"start":{"line":137,"column":11},"end":{"line":141,"column":41}},"line":137},"5":{"name":"ProxyGateClient","decl":{"start":{"line":143,"column":2},"end":{"line":151,"column":3}},"loc":{"start":{"line":143,"column":2},"end":{"line":151,"column":3}},"line":143},"6":{"name":"create","decl":{"start":{"line":161,"column":2},"end":{"line":195,"column":3}},"loc":{"start":{"line":161,"column":2},"end":{"line":195,"column":3}},"line":161},"7":{"name":"get proxy","decl":{"start":{"line":218,"column":2},"end":{"line":220,"column":3}},"loc":{"start":{"line":218,"column":2},"end":{"line":220,"column":3}},"line":218},"8":{"name":"balance","decl":{"start":{"line":227,"column":2},"end":{"line":229,"column":3}},"loc":{"start":{"line":227,"column":2},"end":{"line":229,"column":3}},"line":227},"9":{"name":"pricing","decl":{"start":{"line":232,"column":2},"end":{"line":236,"column":3}},"loc":{"start":{"line":232,"column":2},"end":{"line":236,"column":3}},"line":232},"10":{"name":"usage","decl":{"start":{"line":239,"column":2},"end":{"line":243,"column":3}},"loc":{"start":{"line":239,"column":2},"end":{"line":243,"column":3}},"line":239},"11":{"name":"deposit","decl":{"start":{"line":249,"column":2},"end":{"line":253,"column":3}},"loc":{"start":{"line":249,"column":2},"end":{"line":253,"column":3}},"line":249},"12":{"name":"withdraw","decl":{"start":{"line":256,"column":2},"end":{"line":260,"column":3}},"loc":{"start":{"line":256,"column":2},"end":{"line":260,"column":3}},"line":256},"13":{"name":"rate","decl":{"start":{"line":263,"column":2},"end":{"line":267,"column":3}},"loc":{"start":{"line":263,"column":2},"end":{"line":267,"column":3}},"line":263},"14":{"name":"apis","decl":{"start":{"line":270,"column":2},"end":{"line":274,"column":3}},"loc":{"start":{"line":270,"column":2},"end":{"line":274,"column":3}},"line":270},"15":{"name":"services","decl":{"start":{"line":277,"column":2},"end":{"line":279,"column":3}},"loc":{"start":{"line":277,"column":2},"end":{"line":279,"column":3}},"line":277},"16":{"name":"sellerProfile","decl":{"start":{"line":284,"column":2},"end":{"line":289,"column":3}},"loc":{"start":{"line":284,"column":2},"end":{"line":289,"column":3}},"line":284},"17":{"name":"settlements","decl":{"start":{"line":292,"column":2},"end":{"line":298,"column":3}},"loc":{"start":{"line":292,"column":2},"end":{"line":298,"column":3}},"line":292},"18":{"name":"request","decl":{"start":{"line":308,"column":2},"end":{"line":329,"column":3}},"loc":{"start":{"line":308,"column":2},"end":{"line":329,"column":3}},"line":308},"19":{"name":"streamRequest","decl":{"start":{"line":335,"column":2},"end":{"line":379,"column":3}},"loc":{"start":{"line":335,"column":2},"end":{"line":379,"column":3}},"line":335},"20":{"name":"_signWithNonce","decl":{"start":{"line":386,"column":2},"end":{"line":397,"column":3}},"loc":{"start":{"line":386,"column":2},"end":{"line":397,"column":3}},"line":386},"21":{"name":"_authenticatedRequest","decl":{"start":{"line":400,"column":2},"end":{"line":436,"column":3}},"loc":{"start":{"line":400,"column":2},"end":{"line":436,"column":3}},"line":400},"22":{"name":"_publicRequest","decl":{"start":{"line":439,"column":2},"end":{"line":463,"column":3}},"loc":{"start":{"line":439,"column":2},"end":{"line":463,"column":3}},"line":439},"23":{"name":"_buildUrl","decl":{"start":{"line":466,"column":10},"end":{"line":479,"column":3}},"loc":{"start":{"line":466,"column":10},"end":{"line":479,"column":3}},"line":466}},"f":{"0":7,"1":7,"2":23,"3":8,"4":32,"5":32,"6":5,"7":6,"8":5,"9":2,"10":2,"11":2,"12":1,"13":1,"14":2,"15":2,"16":2,"17":2,"18":3,"19":3,"20":23,"21":17,"22":4,"23":27}}
,"/Users/werk/proxygate/packages/sdk/src/nonce-pool.ts": {"path":"/Users/werk/proxygate/packages/sdk/src/nonce-pool.ts","all":false,"statementMap":{"8":{"start":{"line":9,"column":0},"end":{"line":9,"column":24}},"9":{"start":{"line":10,"column":0},"end":{"line":10,"column":38}},"10":{"start":{"line":11,"column":0},"end":{"line":11,"column":41}},"11":{"start":{"line":12,"column":0},"end":{"line":12,"column":41}},"13":{"start":{"line":14,"column":0},"end":{"line":14,"column":30}},"14":{"start":{"line":15,"column":0},"end":{"line":15,"column":28}},"15":{"start":{"line":16,"column":0},"end":{"line":16,"column":31}},"16":{"start":{"line":17,"column":0},"end":{"line":17,"column":36}},"18":{"start":{"line":19,"column":0},"end":{"line":19,"column":21}},"22":{"start":{"line":23,"column":0},"end":{"line":23,"column":6}},"23":{"start":{"line":24,"column":0},"end":{"line":24,"column":38}},"24":{"start":{"line":25,"column":0},"end":{"line":25,"column":44}},"25":{"start":{"line":26,"column":0},"end":{"line":26,"column":41}},"26":{"start":{"line":27,"column":0},"end":{"line":27,"column":3}},"32":{"start":{"line":33,"column":0},"end":{"line":33,"column":36}},"33":{"start":{"line":34,"column":0},"end":{"line":34,"column":33}},"34":{"start":{"line":35,"column":0},"end":{"line":35,"column":31}},"35":{"start":{"line":36,"column":0},"end":{"line":36,"column":5}},"37":{"start":{"line":38,"column":0},"end":{"line":38,"column":37}},"39":{"start":{"line":40,"column":0},"end":{"line":40,"column":47}},"40":{"start":{"line":41,"column":0},"end":{"line":41,"column":30}},"41":{"start":{"line":42,"column":0},"end":{"line":42,"column":5}},"43":{"start":{"line":44,"column":0},"end":{"line":44,"column":17}},"44":{"start":{"line":45,"column":0},"end":{"line":45,"column":3}},"50":{"start":{"line":51,"column":0},"end":{"line":51,"column":46}},"51":{"start":{"line":52,"column":0},"end":{"line":52,"column":61}},"52":{"start":{"line":53,"column":0},"end":{"line":53,"column":13}},"53":{"start":{"line":54,"column":0},"end":{"line":54,"column":5}},"55":{"start":{"line":56,"column":0},"end":{"line":56,"column":26}},"56":{"start":{"line":57,"column":0},"end":{"line":57,"column":9}},"57":{"start":{"line":58,"column":0},"end":{"line":58,"column":47}},"58":{"start":{"line":59,"column":0},"end":{"line":59,"column":46}},"59":{"start":{"line":60,"column":0},"end":{"line":60,"column":30}},"60":{"start":{"line":61,"column":0},"end":{"line":61,"column":7}},"61":{"start":{"line":62,"column":0},"end":{"line":62,"column":13}},"63":{"start":{"line":64,"column":0},"end":{"line":64,"column":15}},"64":{"start":{"line":65,"column":0},"end":{"line":65,"column":29}},"65":{"start":{"line":66,"column":0},"end":{"line":66,"column":5}},"66":{"start":{"line":67,"column":0},"end":{"line":67,"column":3}},"71":{"start":{"line":72,"column":0},"end":{"line":72,"column":47}},"72":{"start":{"line":73,"column":0},"end":{"line":73,"column":95}},"73":{"start":{"line":74,"column":0},"end":{"line":74,"column":40}},"75":{"start":{"line":76,"column":0},"end":{"line":76,"column":18}},"76":{"start":{"line":77,"column":0},"end":{"line":77,"column":52}},"77":{"start":{"line":78,"column":0},"end":{"line":78,"column":69}},"78":{"start":{"line":79,"column":0},"end":{"line":79,"column":5}},"80":{"start":{"line":81,"column":0},"end":{"line":81,"column":57}},"81":{"start":{"line":82,"column":0},"end":{"line":82,"column":22}},"82":{"start":{"line":83,"column":0},"end":{"line":83,"column":3}},"85":{"start":{"line":86,"column":0},"end":{"line":86,"column":17}},"86":{"start":{"line":87,"column":0},"end":{"line":87,"column":25}},"87":{"start":{"line":88,"column":0},"end":{"line":88,"column":3}},"88":{"start":{"line":89,"column":0},"end":{"line":89,"column":1}}},"s":{"8":1,"9":1,"10":41,"11":41,"13":41,"14":41,"15":41,"16":41,"18":1,"22":41,"23":41,"24":41,"25":41,"26":41,"32":1,"33":38,"34":38,"35":38,"37":0,"39":0,"40":0,"41":0,"43":0,"44":38,"50":1,"51":0,"52":0,"53":0,"55":0,"56":0,"57":0,"58":0,"59":0,"60":0,"61":0,"63":0,"64":0,"65":0,"66":0,"71":1,"72":38,"73":38,"75":38,"76":2,"77":2,"78":2,"80":35,"81":35,"82":38,"85":1,"86":1,"87":1,"88":1},"branchMap":{"0":{"type":"branch","line":10,"loc":{"start":{"line":10,"column":19},"end":{"line":17,"column":36}},"locations":[{"start":{"line":10,"column":19},"end":{"line":17,"column":36}}]},"1":{"type":"branch","line":19,"loc":{"start":{"line":19,"column":2},"end":{"line":27,"column":3}},"locations":[{"start":{"line":19,"column":2},"end":{"line":27,"column":3}}]},"2":{"type":"branch","line":26,"loc":{"start":{"line":26,"column":24},"end":{"line":26,"column":41}},"locations":[{"start":{"line":26,"column":24},"end":{"line":26,"column":41}}]},"3":{"type":"branch","line":33,"loc":{"start":{"line":33,"column":2},"end":{"line":45,"column":3}},"locations":[{"start":{"line":33,"column":2},"end":{"line":45,"column":3}}]},"4":{"type":"branch","line":36,"loc":{"start":{"line":36,"column":4},"end":{"line":44,"column":17}},"locations":[{"start":{"line":36,"column":4},"end":{"line":44,"column":17}}]},"5":{"type":"branch","line":72,"loc":{"start":{"line":72,"column":2},"end":{"line":83,"column":3}},"locations":[{"start":{"line":72,"column":2},"end":{"line":83,"column":3}}]},"6":{"type":"branch","line":74,"loc":{"start":{"line":74,"column":38},"end":{"line":76,"column":17}},"locations":[{"start":{"line":74,"column":38},"end":{"line":76,"column":17}}]},"7":{"type":"branch","line":76,"loc":{"start":{"line":76,"column":17},"end":{"line":79,"column":5}},"locations":[{"start":{"line":76,"column":17},"end":{"line":79,"column":5}}]},"8":{"type":"branch","line":79,"loc":{"start":{"line":79,"column":4},"end":{"line":82,"column":22}},"locations":[{"start":{"line":79,"column":4},"end":{"line":82,"column":22}}]},"9":{"type":"branch","line":86,"loc":{"start":{"line":86,"column":2},"end":{"line":88,"column":3}},"locations":[{"start":{"line":86,"column":2},"end":{"line":88,"column":3}}]}},"b":{"0":[41],"1":[41],"2":[32],"3":[38],"4":[0],"5":[38],"6":[37],"7":[2],"8":[35],"9":[1]},"fnMap":{"0":{"name":"<instance_members_initializer>","decl":{"start":{"line":10,"column":19},"end":{"line":17,"column":36}},"loc":{"start":{"line":10,"column":19},"end":{"line":17,"column":36}},"line":10},"1":{"name":"NoncePool","decl":{"start":{"line":19,"column":2},"end":{"line":27,"column":3}},"loc":{"start":{"line":19,"column":2},"end":{"line":27,"column":3}},"line":19},"2":{"name":"acquire","decl":{"start":{"line":33,"column":2},"end":{"line":45,"column":3}},"loc":{"start":{"line":33,"column":2},"end":{"line":45,"column":3}},"line":33},"3":{"name":"maybeRefill","decl":{"start":{"line":51,"column":2},"end":{"line":67,"column":3}},"loc":{"start":{"line":51,"column":2},"end":{"line":67,"column":3}},"line":51},"4":{"name":"fetchNonce","decl":{"start":{"line":72,"column":2},"end":{"line":83,"column":3}},"loc":{"start":{"line":72,"column":2},"end":{"line":83,"column":3}},"line":72},"5":{"name":"drain","decl":{"start":{"line":86,"column":2},"end":{"line":88,"column":3}},"loc":{"start":{"line":86,"column":2},"end":{"line":88,"column":3}},"line":86}},"f":{"0":41,"1":41,"2":38,"3":0,"4":38,"5":1}}
,"/Users/werk/proxygate/packages/sdk/src/proxy-chain.ts": {"path":"/Users/werk/proxygate/packages/sdk/src/proxy-chain.ts","all":false,"statementMap":{"17":{"start":{"line":18,"column":0},"end":{"line":18,"column":34}},"18":{"start":{"line":19,"column":0},"end":{"line":19,"column":8}},"19":{"start":{"line":20,"column":0},"end":{"line":20,"column":9}},"20":{"start":{"line":21,"column":0},"end":{"line":21,"column":11}},"21":{"start":{"line":22,"column":0},"end":{"line":22,"column":8}},"22":{"start":{"line":23,"column":0},"end":{"line":23,"column":10}},"23":{"start":{"line":24,"column":0},"end":{"line":24,"column":11}},"24":{"start":{"line":25,"column":0},"end":{"line":25,"column":11}},"25":{"start":{"line":26,"column":0},"end":{"line":26,"column":3}},"28":{"start":{"line":29,"column":0},"end":{"line":29,"column":52}},"29":{"start":{"line":30,"column":0},"end":{"line":30,"column":9}},"30":{"start":{"line":31,"column":0},"end":{"line":31,"column":11}},"31":{"start":{"line":32,"column":0},"end":{"line":32,"column":12}},"32":{"start":{"line":33,"column":0},"end":{"line":33,"column":16}},"33":{"start":{"line":34,"column":0},"end":{"line":34,"column":21}},"34":{"start":{"line":35,"column":0},"end":{"line":35,"column":18}},"35":{"start":{"line":36,"column":0},"end":{"line":36,"column":23}},"36":{"start":{"line":37,"column":0},"end":{"line":37,"column":3}},"51":{"start":{"line":52,"column":0},"end":{"line":52,"column":35}},"52":{"start":{"line":53,"column":0},"end":{"line":53,"column":26}},"53":{"start":{"line":54,"column":0},"end":{"line":54,"column":26}},"54":{"start":{"line":55,"column":0},"end":{"line":55,"column":15}},"55":{"start":{"line":56,"column":0},"end":{"line":56,"column":41}},"56":{"start":{"line":57,"column":0},"end":{"line":57,"column":58}},"58":{"start":{"line":59,"column":0},"end":{"line":59,"column":68}},"59":{"start":{"line":60,"column":0},"end":{"line":60,"column":25}},"60":{"start":{"line":61,"column":0},"end":{"line":61,"column":7}},"62":{"start":{"line":63,"column":0},"end":{"line":63,"column":34}},"65":{"start":{"line":66,"column":0},"end":{"line":66,"column":39}},"66":{"start":{"line":67,"column":0},"end":{"line":67,"column":23}},"67":{"start":{"line":68,"column":0},"end":{"line":68,"column":21}},"68":{"start":{"line":69,"column":0},"end":{"line":69,"column":45}},"69":{"start":{"line":70,"column":0},"end":{"line":70,"column":54}},"70":{"start":{"line":71,"column":0},"end":{"line":71,"column":22}},"71":{"start":{"line":72,"column":0},"end":{"line":72,"column":60}},"72":{"start":{"line":73,"column":0},"end":{"line":73,"column":68}},"73":{"start":{"line":74,"column":0},"end":{"line":74,"column":24}},"74":{"start":{"line":75,"column":0},"end":{"line":75,"column":60}},"75":{"start":{"line":76,"column":0},"end":{"line":76,"column":68}},"76":{"start":{"line":77,"column":0},"end":{"line":77,"column":21}},"77":{"start":{"line":78,"column":0},"end":{"line":78,"column":60}},"78":{"start":{"line":79,"column":0},"end":{"line":79,"column":67}},"79":{"start":{"line":80,"column":0},"end":{"line":80,"column":23}},"80":{"start":{"line":81,"column":0},"end":{"line":81,"column":60}},"81":{"start":{"line":82,"column":0},"end":{"line":82,"column":69}},"82":{"start":{"line":83,"column":0},"end":{"line":83,"column":24}},"83":{"start":{"line":84,"column":0},"end":{"line":84,"column":45}},"84":{"start":{"line":85,"column":0},"end":{"line":85,"column":57}},"85":{"start":{"line":86,"column":0},"end":{"line":86,"column":24}},"86":{"start":{"line":87,"column":0},"end":{"line":87,"column":60}},"87":{"start":{"line":88,"column":0},"end":{"line":88,"column":74}},"88":{"start":{"line":89,"column":0},"end":{"line":89,"column":9}},"89":{"start":{"line":90,"column":0},"end":{"line":90,"column":7}},"92":{"start":{"line":93,"column":0},"end":{"line":93,"column":63}},"93":{"start":{"line":94,"column":0},"end":{"line":94,"column":6}},"94":{"start":{"line":95,"column":0},"end":{"line":95,"column":4}},"98":{"start":{"line":99,"column":0},"end":{"line":99,"column":47}},"99":{"start":{"line":100,"column":0},"end":{"line":100,"column":61}},"100":{"start":{"line":101,"column":0},"end":{"line":101,"column":1}}},"s":{"17":1,"18":1,"19":1,"20":1,"21":1,"22":1,"23":1,"24":1,"25":1,"28":1,"29":1,"30":1,"31":1,"32":1,"33":1,"34":1,"35":1,"36":1,"51":1,"52":69,"53":69,"54":69,"55":69,"56":69,"58":69,"59":8,"60":8,"62":61,"65":69,"66":16,"67":16,"68":4,"69":4,"70":16,"71":2,"72":2,"73":16,"74":3,"75":3,"76":16,"77":1,"78":1,"79":16,"80":1,"81":1,"82":16,"83":1,"84":1,"85":16,"86":4,"87":4,"88":16,"89":16,"92":45,"93":69,"94":69,"98":69,"99":69,"100":69},"branchMap":{"0":{"type":"branch","line":52,"loc":{"start":{"line":52,"column":7},"end":{"line":101,"column":1}},"locations":[{"start":{"line":52,"column":7},"end":{"line":101,"column":1}}]},"1":{"type":"branch","line":57,"loc":{"start":{"line":57,"column":4},"end":{"line":94,"column":6}},"locations":[{"start":{"line":57,"column":4},"end":{"line":94,"column":6}}]},"2":{"type":"branch","line":59,"loc":{"start":{"line":59,"column":26},"end":{"line":59,"column":67}},"locations":[{"start":{"line":59,"column":26},"end":{"line":59,"column":67}}]},"3":{"type":"branch","line":59,"loc":{"start":{"line":59,"column":67},"end":{"line":61,"column":7}},"locations":[{"start":{"line":59,"column":67},"end":{"line":61,"column":7}}]},"4":{"type":"branch","line":61,"loc":{"start":{"line":61,"column":6},"end":{"line":66,"column":38}},"locations":[{"start":{"line":61,"column":6},"end":{"line":66,"column":38}}]},"5":{"type":"branch","line":66,"loc":{"start":{"line":66,"column":38},"end":{"line":90,"column":7}},"locations":[{"start":{"line":66,"column":38},"end":{"line":90,"column":7}}]},"6":{"type":"branch","line":68,"loc":{"start":{"line":68,"column":10},"end":{"line":70,"column":54}},"locations":[{"start":{"line":68,"column":10},"end":{"line":70,"column":54}}]},"7":{"type":"branch","line":71,"loc":{"start":{"line":71,"column":10},"end":{"line":73,"column":68}},"locations":[{"start":{"line":71,"column":10},"end":{"line":73,"column":68}}]},"8":{"type":"branch","line":74,"loc":{"start":{"line":74,"column":10},"end":{"line":76,"column":68}},"locations":[{"start":{"line":74,"column":10},"end":{"line":76,"column":68}}]},"9":{"type":"branch","line":77,"loc":{"start":{"line":77,"column":10},"end":{"line":79,"column":67}},"locations":[{"start":{"line":77,"column":10},"end":{"line":79,"column":67}}]},"10":{"type":"branch","line":80,"loc":{"start":{"line":80,"column":10},"end":{"line":82,"column":69}},"locations":[{"start":{"line":80,"column":10},"end":{"line":82,"column":69}}]},"11":{"type":"branch","line":83,"loc":{"start":{"line":83,"column":10},"end":{"line":85,"column":57}},"locations":[{"start":{"line":83,"column":10},"end":{"line":85,"column":57}}]},"12":{"type":"branch","line":86,"loc":{"start":{"line":86,"column":10},"end":{"line":88,"column":74}},"locations":[{"start":{"line":86,"column":10},"end":{"line":88,"column":74}}]},"13":{"type":"branch","line":90,"loc":{"start":{"line":90,"column":6},"end":{"line":93,"column":63}},"locations":[{"start":{"line":90,"column":6},"end":{"line":93,"column":63}}]},"14":{"type":"branch","line":69,"loc":{"start":{"line":69,"column":19},"end":{"line":70,"column":54}},"locations":[{"start":{"line":69,"column":19},"end":{"line":70,"column":54}}]},"15":{"type":"branch","line":72,"loc":{"start":{"line":72,"column":19},"end":{"line":73,"column":68}},"locations":[{"start":{"line":72,"column":19},"end":{"line":73,"column":68}}]},"16":{"type":"branch","line":75,"loc":{"start":{"line":75,"column":19},"end":{"line":76,"column":68}},"locations":[{"start":{"line":75,"column":19},"end":{"line":76,"column":68}}]},"17":{"type":"branch","line":78,"loc":{"start":{"line":78,"column":19},"end":{"line":79,"column":67}},"locations":[{"start":{"line":78,"column":19},"end":{"line":79,"column":67}}]},"18":{"type":"branch","line":81,"loc":{"start":{"line":81,"column":19},"end":{"line":82,"column":69}},"locations":[{"start":{"line":81,"column":19},"end":{"line":82,"column":69}}]},"19":{"type":"branch","line":84,"loc":{"start":{"line":84,"column":19},"end":{"line":85,"column":57}},"locations":[{"start":{"line":84,"column":19},"end":{"line":85,"column":57}}]},"20":{"type":"branch","line":87,"loc":{"start":{"line":87,"column":19},"end":{"line":88,"column":74}},"locations":[{"start":{"line":87,"column":19},"end":{"line":88,"column":74}}]}},"b":{"0":[69],"1":[69],"2":[65],"3":[8],"4":[61],"5":[16],"6":[4],"7":[2],"8":[3],"9":[1],"10":[1],"11":[1],"12":[4],"13":[45],"14":[4],"15":[2],"16":[3],"17":[1],"18":[1],"19":[1],"20":[4]},"fnMap":{"0":{"name":"createServiceChain","decl":{"start":{"line":52,"column":7},"end":{"line":101,"column":1}},"loc":{"start":{"line":52,"column":7},"end":{"line":101,"column":1}},"line":52},"1":{"name":"get","decl":{"start":{"line":57,"column":4},"end":{"line":94,"column":6}},"loc":{"start":{"line":57,"column":4},"end":{"line":94,"column":6}},"line":57},"2":{"name":"executor.request","decl":{"start":{"line":69,"column":19},"end":{"line":70,"column":54}},"loc":{"start":{"line":69,"column":19},"end":{"line":70,"column":54}},"line":69},"3":{"name":"executor.request","decl":{"start":{"line":72,"column":19},"end":{"line":73,"column":68}},"loc":{"start":{"line":72,"column":19},"end":{"line":73,"column":68}},"line":72},"4":{"name":"executor.request","decl":{"start":{"line":75,"column":19},"end":{"line":76,"column":68}},"loc":{"start":{"line":75,"column":19},"end":{"line":76,"column":68}},"line":75},"5":{"name":"executor.request","decl":{"start":{"line":78,"column":19},"end":{"line":79,"column":67}},"loc":{"start":{"line":78,"column":19},"end":{"line":79,"column":67}},"line":78},"6":{"name":"executor.streamRequest","decl":{"start":{"line":84,"column":19},"end":{"line":85,"column":57}},"loc":{"start":{"line":84,"column":19},"end":{"line":85,"column":57}},"line":84}},"f":{"0":69,"1":69,"2":4,"3":2,"4":3,"5":1,"6":1}}
,"/Users/werk/proxygate/packages/sdk/src/stream.ts": {"path":"/Users/werk/proxygate/packages/sdk/src/stream.ts","all":false,"statementMap":{"19":{"start":{"line":20,"column":0},"end":{"line":20,"column":79}},"20":{"start":{"line":21,"column":0},"end":{"line":21,"column":44}},"21":{"start":{"line":22,"column":0},"end":{"line":22,"column":43}},"22":{"start":{"line":23,"column":0},"end":{"line":23,"column":18}},"23":{"start":{"line":24,"column":0},"end":{"line":24,"column":43}},"25":{"start":{"line":26,"column":0},"end":{"line":26,"column":7}},"26":{"start":{"line":27,"column":0},"end":{"line":27,"column":18}},"27":{"start":{"line":28,"column":0},"end":{"line":28,"column":50}},"29":{"start":{"line":30,"column":0},"end":{"line":30,"column":17}},"31":{"start":{"line":32,"column":0},"end":{"line":32,"column":46}},"32":{"start":{"line":33,"column":0},"end":{"line":33,"column":104}},"33":{"start":{"line":34,"column":0},"end":{"line":34,"column":9}},"34":{"start":{"line":35,"column":0},"end":{"line":35,"column":14}},"35":{"start":{"line":36,"column":0},"end":{"line":36,"column":7}},"37":{"start":{"line":38,"column":0},"end":{"line":38,"column":56}},"38":{"start":{"line":39,"column":0},"end":{"line":39,"column":39}},"41":{"start":{"line":42,"column":0},"end":{"line":42,"column":28}},"43":{"start":{"line":44,"column":0},"end":{"line":44,"column":33}},"44":{"start":{"line":45,"column":0},"end":{"line":45,"column":40}},"45":{"start":{"line":46,"column":0},"end":{"line":46,"column":37}},"48":{"start":{"line":49,"column":0},"end":{"line":49,"column":34}},"49":{"start":{"line":50,"column":0},"end":{"line":50,"column":19}},"50":{"start":{"line":51,"column":0},"end":{"line":51,"column":11}},"53":{"start":{"line":54,"column":0},"end":{"line":54,"column":48}},"54":{"start":{"line":55,"column":0},"end":{"line":55,"column":45}},"55":{"start":{"line":56,"column":0},"end":{"line":56,"column":18}},"56":{"start":{"line":57,"column":0},"end":{"line":57,"column":37}},"57":{"start":{"line":58,"column":0},"end":{"line":58,"column":11}},"58":{"start":{"line":59,"column":0},"end":{"line":59,"column":48}},"59":{"start":{"line":60,"column":0},"end":{"line":60,"column":45}},"60":{"start":{"line":61,"column":0},"end":{"line":61,"column":45}},"61":{"start":{"line":62,"column":0},"end":{"line":62,"column":42}},"62":{"start":{"line":63,"column":0},"end":{"line":63,"column":33}},"64":{"start":{"line":65,"column":0},"end":{"line":65,"column":48}},"65":{"start":{"line":66,"column":0},"end":{"line":66,"column":19}},"66":{"start":{"line":67,"column":0},"end":{"line":67,"column":38}},"67":{"start":{"line":68,"column":0},"end":{"line":68,"column":40}},"68":{"start":{"line":69,"column":0},"end":{"line":69,"column":34}},"69":{"start":{"line":70,"column":0},"end":{"line":70,"column":26}},"70":{"start":{"line":71,"column":0},"end":{"line":71,"column":30}},"71":{"start":{"line":72,"column":0},"end":{"line":72,"column":11}},"72":{"start":{"line":73,"column":0},"end":{"line":73,"column":9}},"74":{"start":{"line":75,"column":0},"end":{"line":75,"column":7}},"75":{"start":{"line":76,"column":0},"end":{"line":76,"column":5}},"76":{"start":{"line":77,"column":0},"end":{"line":77,"column":13}},"77":{"start":{"line":78,"column":0},"end":{"line":78,"column":25}},"78":{"start":{"line":79,"column":0},"end":{"line":79,"column":3}},"79":{"start":{"line":80,"column":0},"end":{"line":80,"column":1}}},"s":{"19":13,"20":13,"21":13,"22":13,"23":13,"25":13,"26":13,"27":29,"29":29,"31":11,"32":1,"33":1,"34":11,"35":11,"37":18,"38":18,"41":18,"43":29,"44":36,"45":17,"48":17,"49":2,"50":2,"53":17,"54":1,"55":17,"56":14,"57":14,"58":36,"59":2,"60":19,"61":2,"62":17,"64":15,"65":13,"66":13,"67":13,"68":13,"69":13,"70":13,"71":13,"72":15,"74":36,"75":16,"76":13,"77":13,"78":13,"79":13},"branchMap":{"0":{"type":"branch","line":20,"loc":{"start":{"line":20,"column":0},"end":{"line":80,"column":1}},"locations":[{"start":{"line":20,"column":0},"end":{"line":80,"column":1}}]},"1":{"type":"branch","line":27,"loc":{"start":{"line":27,"column":17},"end":{"line":76,"column":5}},"locations":[{"start":{"line":27,"column":17},"end":{"line":76,"column":5}}]},"2":{"type":"branch","line":30,"loc":{"start":{"line":30,"column":16},"end":{"line":36,"column":7}},"locations":[{"start":{"line":30,"column":16},"end":{"line":36,"column":7}}]},"3":{"type":"branch","line":32,"loc":{"start":{"line":32,"column":45},"end":{"line":34,"column":9}},"locations":[{"start":{"line":32,"column":45},"end":{"line":34,"column":9}}]},"4":{"type":"branch","line":36,"loc":{"start":{"line":36,"column":6},"end":{"line":44,"column":32}},"locations":[{"start":{"line":36,"column":6},"end":{"line":44,"column":32}}]},"5":{"type":"branch","line":44,"loc":{"start":{"line":44,"column":32},"end":{"line":75,"column":7}},"locations":[{"start":{"line":44,"column":32},"end":{"line":75,"column":7}}]},"6":{"type":"branch","line":45,"loc":{"start":{"line":45,"column":39},"end":{"line":59,"column":19}},"locations":[{"start":{"line":45,"column":39},"end":{"line":59,"column":19}}]},"7":{"type":"branch","line":49,"loc":{"start":{"line":49,"column":33},"end":{"line":51,"column":11}},"locations":[{"start":{"line":49,"column":33},"end":{"line":51,"column":11}}]},"8":{"type":"branch","line":51,"loc":{"start":{"line":51,"column":10},"end":{"line":54,"column":47}},"locations":[{"start":{"line":51,"column":10},"end":{"line":54,"column":47}}]},"9":{"type":"branch","line":54,"loc":{"start":{"line":54,"column":47},"end":{"line":56,"column":17}},"locations":[{"start":{"line":54,"column":47},"end":{"line":56,"column":17}}]},"10":{"type":"branch","line":56,"loc":{"start":{"line":56,"column":10},"end":{"line":58,"column":11}},"locations":[{"start":{"line":56,"column":10},"end":{"line":58,"column":11}}]},"11":{"type":"branch","line":59,"loc":{"start":{"line":59,"column":8},"end":{"line":73,"column":9}},"locations":[{"start":{"line":59,"column":8},"end":{"line":73,"column":9}}]},"12":{"type":"branch","line":59,"loc":{"start":{"line":59,"column":47},"end":{"line":61,"column":19}},"locations":[{"start":{"line":59,"column":47},"end":{"line":61,"column":19}}]},"13":{"type":"branch","line":61,"loc":{"start":{"line":61,"column":8},"end":{"line":73,"column":9}},"locations":[{"start":{"line":61,"column":8},"end":{"line":73,"column":9}}]},"14":{"type":"branch","line":61,"loc":{"start":{"line":61,"column":44},"end":{"line":63,"column":19}},"locations":[{"start":{"line":61,"column":44},"end":{"line":63,"column":19}}]},"15":{"type":"branch","line":63,"loc":{"start":{"line":63,"column":8},"end":{"line":73,"column":9}},"locations":[{"start":{"line":63,"column":8},"end":{"line":73,"column":9}}]},"16":{"type":"branch","line":65,"loc":{"start":{"line":65,"column":47},"end":{"line":72,"column":11}},"locations":[{"start":{"line":65,"column":47},"end":{"line":72,"column":11}}]},"17":{"type":"branch","line":75,"loc":{"start":{"line":75,"column":6},"end":{"line":76,"column":5}},"locations":[{"start":{"line":75,"column":6},"end":{"line":76,"column":5}}]}},"b":{"0":[13],"1":[29],"2":[11],"3":[1],"4":[18],"5":[36],"6":[17],"7":[2],"8":[15],"9":[1],"10":[14],"11":[19],"12":[2],"13":[17],"14":[2],"15":[15],"16":[13],"17":[16]},"fnMap":{"0":{"name":"parseSSE","decl":{"start":{"line":20,"column":0},"end":{"line":80,"column":1}},"loc":{"start":{"line":20,"column":0},"end":{"line":80,"column":1}},"line":20}},"f":{"0":13}}
,"/Users/werk/proxygate/packages/sdk/src/types.ts": {"path":"/Users/werk/proxygate/packages/sdk/src/types.ts","all":true,"statementMap":{},"s":{},"branchMap":{"0":{"type":"branch","line":1,"loc":{"start":{"line":1,"column":7791},"end":{"line":313,"column":1}},"locations":[{"start":{"line":1,"column":7791},"end":{"line":313,"column":1}}]}},"b":{"0":[1]},"fnMap":{"0":{"name":"(empty-report)","decl":{"start":{"line":1,"column":7791},"end":{"line":313,"column":1}},"loc":{"start":{"line":1,"column":7791},"end":{"line":313,"column":1}},"line":1}},"f":{"0":1}}
}
